Picked up JAVA_TOOL_OPTIONS: -Xmx4944245555
application/gzip
Started analysis of Final_cutadapt_None-QS11-1-10_S98_R1.fastq.gz
Approx 5% complete for Final_cutadapt_None-QS11-1-10_S98_R1.fastq.gz
Approx 10% complete for Final_cutadapt_None-QS11-1-10_S98_R1.fastq.gz
Approx 15% complete for Final_cutadapt_None-QS11-1-10_S98_R1.fastq.gz
Approx 20% complete for Final_cutadapt_None-QS11-1-10_S98_R1.fastq.gz
Approx 25% complete for Final_cutadapt_None-QS11-1-10_S98_R1.fastq.gz
Approx 30% complete for Final_cutadapt_None-QS11-1-10_S98_R1.fastq.gz
Approx 35% complete for Final_cutadapt_None-QS11-1-10_S98_R1.fastq.gz
Approx 40% complete for Final_cutadapt_None-QS11-1-10_S98_R1.fastq.gz
Approx 45% complete for Final_cutadapt_None-QS11-1-10_S98_R1.fastq.gz
Approx 50% complete for Final_cutadapt_None-QS11-1-10_S98_R1.fastq.gz
Approx 55% complete for Final_cutadapt_None-QS11-1-10_S98_R1.fastq.gz
Approx 60% complete for Final_cutadapt_None-QS11-1-10_S98_R1.fastq.gz
Approx 65% complete for Final_cutadapt_None-QS11-1-10_S98_R1.fastq.gz
Approx 70% complete for Final_cutadapt_None-QS11-1-10_S98_R1.fastq.gz
Approx 75% complete for Final_cutadapt_None-QS11-1-10_S98_R1.fastq.gz
Approx 80% complete for Final_cutadapt_None-QS11-1-10_S98_R1.fastq.gz
Approx 85% complete for Final_cutadapt_None-QS11-1-10_S98_R1.fastq.gz
Approx 90% complete for Final_cutadapt_None-QS11-1-10_S98_R1.fastq.gz
Approx 95% complete for Final_cutadapt_None-QS11-1-10_S98_R1.fastq.gz
Analysis complete for Final_cutadapt_None-QS11-1-10_S98_R1.fastq.gz
Picked up JAVA_TOOL_OPTIONS: -Xmx4944245555
application/gzip
Started analysis of Final_cutadapt_None-QS11-1-11_S99_R1.fastq.gz
Approx 5% complete for Final_cutadapt_None-QS11-1-11_S99_R1.fastq.gz
Approx 10% complete for Final_cutadapt_None-QS11-1-11_S99_R1.fastq.gz
Approx 15% complete for Final_cutadapt_None-QS11-1-11_S99_R1.fastq.gz
Approx 20% complete for Final_cutadapt_None-QS11-1-11_S99_R1.fastq.gz
Approx 25% complete for Final_cutadapt_None-QS11-1-11_S99_R1.fastq.gz
Approx 30% complete for Final_cutadapt_None-QS11-1-11_S99_R1.fastq.gz
Approx 35% complete for Final_cutadapt_None-QS11-1-11_S99_R1.fastq.gz
Approx 40% complete for Final_cutadapt_None-QS11-1-11_S99_R1.fastq.gz
Approx 45% complete for Final_cutadapt_None-QS11-1-11_S99_R1.fastq.gz
Approx 50% complete for Final_cutadapt_None-QS11-1-11_S99_R1.fastq.gz
Approx 55% complete for Final_cutadapt_None-QS11-1-11_S99_R1.fastq.gz
Approx 60% complete for Final_cutadapt_None-QS11-1-11_S99_R1.fastq.gz
Approx 65% complete for Final_cutadapt_None-QS11-1-11_S99_R1.fastq.gz
Approx 70% complete for Final_cutadapt_None-QS11-1-11_S99_R1.fastq.gz
Approx 75% complete for Final_cutadapt_None-QS11-1-11_S99_R1.fastq.gz
Approx 80% complete for Final_cutadapt_None-QS11-1-11_S99_R1.fastq.gz
Approx 85% complete for Final_cutadapt_None-QS11-1-11_S99_R1.fastq.gz
Approx 90% complete for Final_cutadapt_None-QS11-1-11_S99_R1.fastq.gz
Approx 95% complete for Final_cutadapt_None-QS11-1-11_S99_R1.fastq.gz
Analysis complete for Final_cutadapt_None-QS11-1-11_S99_R1.fastq.gz
Picked up JAVA_TOOL_OPTIONS: -Xmx4944245555
application/gzip
Started analysis of Final_cutadapt_None-QS11-1-12_S100_R1.fastq.gz
Approx 5% complete for Final_cutadapt_None-QS11-1-12_S100_R1.fastq.gz
Approx 10% complete for Final_cutadapt_None-QS11-1-12_S100_R1.fastq.gz
Approx 15% complete for Final_cutadapt_None-QS11-1-12_S100_R1.fastq.gz
Approx 20% complete for Final_cutadapt_None-QS11-1-12_S100_R1.fastq.gz
Approx 25% complete for Final_cutadapt_None-QS11-1-12_S100_R1.fastq.gz
Approx 30% complete for Final_cutadapt_None-QS11-1-12_S100_R1.fastq.gz
Approx 35% complete for Final_cutadapt_None-QS11-1-12_S100_R1.fastq.gz
Approx 40% complete for Final_cutadapt_None-QS11-1-12_S100_R1.fastq.gz
Approx 45% complete for Final_cutadapt_None-QS11-1-12_S100_R1.fastq.gz
Approx 50% complete for Final_cutadapt_None-QS11-1-12_S100_R1.fastq.gz
Approx 55% complete for Final_cutadapt_None-QS11-1-12_S100_R1.fastq.gz
Approx 60% complete for Final_cutadapt_None-QS11-1-12_S100_R1.fastq.gz
Approx 65% complete for Final_cutadapt_None-QS11-1-12_S100_R1.fastq.gz
Approx 70% complete for Final_cutadapt_None-QS11-1-12_S100_R1.fastq.gz
Approx 75% complete for Final_cutadapt_None-QS11-1-12_S100_R1.fastq.gz
Approx 80% complete for Final_cutadapt_None-QS11-1-12_S100_R1.fastq.gz
Approx 85% complete for Final_cutadapt_None-QS11-1-12_S100_R1.fastq.gz
Approx 90% complete for Final_cutadapt_None-QS11-1-12_S100_R1.fastq.gz
Approx 95% complete for Final_cutadapt_None-QS11-1-12_S100_R1.fastq.gz
Analysis complete for Final_cutadapt_None-QS11-1-12_S100_R1.fastq.gz
Picked up JAVA_TOOL_OPTIONS: -Xmx4944245555
application/gzip
Started analysis of Final_cutadapt_None-QS11-1-13_S101_R1.fastq.gz
Approx 5% complete for Final_cutadapt_None-QS11-1-13_S101_R1.fastq.gz
Approx 10% complete for Final_cutadapt_None-QS11-1-13_S101_R1.fastq.gz
Approx 15% complete for Final_cutadapt_None-QS11-1-13_S101_R1.fastq.gz
Approx 20% complete for Final_cutadapt_None-QS11-1-13_S101_R1.fastq.gz
Approx 25% complete for Final_cutadapt_None-QS11-1-13_S101_R1.fastq.gz
Approx 30% complete for Final_cutadapt_None-QS11-1-13_S101_R1.fastq.gz
Approx 35% complete for Final_cutadapt_None-QS11-1-13_S101_R1.fastq.gz
Approx 40% complete for Final_cutadapt_None-QS11-1-13_S101_R1.fastq.gz
Approx 45% complete for Final_cutadapt_None-QS11-1-13_S101_R1.fastq.gz
Approx 50% complete for Final_cutadapt_None-QS11-1-13_S101_R1.fastq.gz
Approx 55% complete for Final_cutadapt_None-QS11-1-13_S101_R1.fastq.gz
Approx 60% complete for Final_cutadapt_None-QS11-1-13_S101_R1.fastq.gz
Approx 65% complete for Final_cutadapt_None-QS11-1-13_S101_R1.fastq.gz
Approx 70% complete for Final_cutadapt_None-QS11-1-13_S101_R1.fastq.gz
Approx 75% complete for Final_cutadapt_None-QS11-1-13_S101_R1.fastq.gz
Approx 80% complete for Final_cutadapt_None-QS11-1-13_S101_R1.fastq.gz
Approx 85% complete for Final_cutadapt_None-QS11-1-13_S101_R1.fastq.gz
Approx 90% complete for Final_cutadapt_None-QS11-1-13_S101_R1.fastq.gz
Approx 95% complete for Final_cutadapt_None-QS11-1-13_S101_R1.fastq.gz
Analysis complete for Final_cutadapt_None-QS11-1-13_S101_R1.fastq.gz
Picked up JAVA_TOOL_OPTIONS: -Xmx4944245555
application/gzip
Started analysis of Final_cutadapt_None-QS11-1-14_S102_R1.fastq.gz
Approx 5% complete for Final_cutadapt_None-QS11-1-14_S102_R1.fastq.gz
Approx 10% complete for Final_cutadapt_None-QS11-1-14_S102_R1.fastq.gz
Approx 15% complete for Final_cutadapt_None-QS11-1-14_S102_R1.fastq.gz
Approx 20% complete for Final_cutadapt_None-QS11-1-14_S102_R1.fastq.gz
Approx 25% complete for Final_cutadapt_None-QS11-1-14_S102_R1.fastq.gz
Approx 30% complete for Final_cutadapt_None-QS11-1-14_S102_R1.fastq.gz
Approx 35% complete for Final_cutadapt_None-QS11-1-14_S102_R1.fastq.gz
Approx 40% complete for Final_cutadapt_None-QS11-1-14_S102_R1.fastq.gz
Approx 45% complete for Final_cutadapt_None-QS11-1-14_S102_R1.fastq.gz
Approx 50% complete for Final_cutadapt_None-QS11-1-14_S102_R1.fastq.gz
Approx 55% complete for Final_cutadapt_None-QS11-1-14_S102_R1.fastq.gz
Approx 60% complete for Final_cutadapt_None-QS11-1-14_S102_R1.fastq.gz
Approx 65% complete for Final_cutadapt_None-QS11-1-14_S102_R1.fastq.gz
Approx 70% complete for Final_cutadapt_None-QS11-1-14_S102_R1.fastq.gz
Approx 75% complete for Final_cutadapt_None-QS11-1-14_S102_R1.fastq.gz
Approx 80% complete for Final_cutadapt_None-QS11-1-14_S102_R1.fastq.gz
Approx 85% complete for Final_cutadapt_None-QS11-1-14_S102_R1.fastq.gz
Approx 90% complete for Final_cutadapt_None-QS11-1-14_S102_R1.fastq.gz
Approx 95% complete for Final_cutadapt_None-QS11-1-14_S102_R1.fastq.gz
Analysis complete for Final_cutadapt_None-QS11-1-14_S102_R1.fastq.gz
Picked up JAVA_TOOL_OPTIONS: -Xmx4944245555
application/gzip
Started analysis of Final_cutadapt_None-QS11-1-15_S103_R1.fastq.gz
Approx 5% complete for Final_cutadapt_None-QS11-1-15_S103_R1.fastq.gz
Approx 10% complete for Final_cutadapt_None-QS11-1-15_S103_R1.fastq.gz
Approx 15% complete for Final_cutadapt_None-QS11-1-15_S103_R1.fastq.gz
Approx 20% complete for Final_cutadapt_None-QS11-1-15_S103_R1.fastq.gz
Approx 25% complete for Final_cutadapt_None-QS11-1-15_S103_R1.fastq.gz
Approx 30% complete for Final_cutadapt_None-QS11-1-15_S103_R1.fastq.gz
Approx 35% complete for Final_cutadapt_None-QS11-1-15_S103_R1.fastq.gz
Approx 40% complete for Final_cutadapt_None-QS11-1-15_S103_R1.fastq.gz
Approx 45% complete for Final_cutadapt_None-QS11-1-15_S103_R1.fastq.gz
Approx 50% complete for Final_cutadapt_None-QS11-1-15_S103_R1.fastq.gz
Approx 55% complete for Final_cutadapt_None-QS11-1-15_S103_R1.fastq.gz
Approx 60% complete for Final_cutadapt_None-QS11-1-15_S103_R1.fastq.gz
Approx 65% complete for Final_cutadapt_None-QS11-1-15_S103_R1.fastq.gz
Approx 70% complete for Final_cutadapt_None-QS11-1-15_S103_R1.fastq.gz
Approx 75% complete for Final_cutadapt_None-QS11-1-15_S103_R1.fastq.gz
Approx 80% complete for Final_cutadapt_None-QS11-1-15_S103_R1.fastq.gz
Approx 85% complete for Final_cutadapt_None-QS11-1-15_S103_R1.fastq.gz
Approx 90% complete for Final_cutadapt_None-QS11-1-15_S103_R1.fastq.gz
Approx 95% complete for Final_cutadapt_None-QS11-1-15_S103_R1.fastq.gz
Analysis complete for Final_cutadapt_None-QS11-1-15_S103_R1.fastq.gz
Picked up JAVA_TOOL_OPTIONS: -Xmx4944245555
application/gzip
Started analysis of Final_cutadapt_None-QS11-1-16_S104_R1.fastq.gz
Approx 5% complete for Final_cutadapt_None-QS11-1-16_S104_R1.fastq.gz
Approx 10% complete for Final_cutadapt_None-QS11-1-16_S104_R1.fastq.gz
Approx 15% complete for Final_cutadapt_None-QS11-1-16_S104_R1.fastq.gz
Approx 20% complete for Final_cutadapt_None-QS11-1-16_S104_R1.fastq.gz
Approx 25% complete for Final_cutadapt_None-QS11-1-16_S104_R1.fastq.gz
Approx 30% complete for Final_cutadapt_None-QS11-1-16_S104_R1.fastq.gz
Approx 35% complete for Final_cutadapt_None-QS11-1-16_S104_R1.fastq.gz
Approx 40% complete for Final_cutadapt_None-QS11-1-16_S104_R1.fastq.gz
Approx 45% complete for Final_cutadapt_None-QS11-1-16_S104_R1.fastq.gz
Approx 50% complete for Final_cutadapt_None-QS11-1-16_S104_R1.fastq.gz
Approx 55% complete for Final_cutadapt_None-QS11-1-16_S104_R1.fastq.gz
Approx 60% complete for Final_cutadapt_None-QS11-1-16_S104_R1.fastq.gz
Approx 65% complete for Final_cutadapt_None-QS11-1-16_S104_R1.fastq.gz
Approx 70% complete for Final_cutadapt_None-QS11-1-16_S104_R1.fastq.gz
Approx 75% complete for Final_cutadapt_None-QS11-1-16_S104_R1.fastq.gz
Approx 80% complete for Final_cutadapt_None-QS11-1-16_S104_R1.fastq.gz
Approx 85% complete for Final_cutadapt_None-QS11-1-16_S104_R1.fastq.gz
Approx 90% complete for Final_cutadapt_None-QS11-1-16_S104_R1.fastq.gz
Approx 95% complete for Final_cutadapt_None-QS11-1-16_S104_R1.fastq.gz
Analysis complete for Final_cutadapt_None-QS11-1-16_S104_R1.fastq.gz
Picked up JAVA_TOOL_OPTIONS: -Xmx4944245555
application/gzip
Started analysis of Final_cutadapt_None-QS11-1-17_S105_R1.fastq.gz
Approx 5% complete for Final_cutadapt_None-QS11-1-17_S105_R1.fastq.gz
Approx 10% complete for Final_cutadapt_None-QS11-1-17_S105_R1.fastq.gz
Approx 15% complete for Final_cutadapt_None-QS11-1-17_S105_R1.fastq.gz
Approx 20% complete for Final_cutadapt_None-QS11-1-17_S105_R1.fastq.gz
Approx 25% complete for Final_cutadapt_None-QS11-1-17_S105_R1.fastq.gz
Approx 30% complete for Final_cutadapt_None-QS11-1-17_S105_R1.fastq.gz
Approx 35% complete for Final_cutadapt_None-QS11-1-17_S105_R1.fastq.gz
Approx 40% complete for Final_cutadapt_None-QS11-1-17_S105_R1.fastq.gz
Approx 45% complete for Final_cutadapt_None-QS11-1-17_S105_R1.fastq.gz
Approx 50% complete for Final_cutadapt_None-QS11-1-17_S105_R1.fastq.gz
Approx 55% complete for Final_cutadapt_None-QS11-1-17_S105_R1.fastq.gz
Approx 60% complete for Final_cutadapt_None-QS11-1-17_S105_R1.fastq.gz
Approx 65% complete for Final_cutadapt_None-QS11-1-17_S105_R1.fastq.gz
Approx 70% complete for Final_cutadapt_None-QS11-1-17_S105_R1.fastq.gz
Approx 75% complete for Final_cutadapt_None-QS11-1-17_S105_R1.fastq.gz
Approx 80% complete for Final_cutadapt_None-QS11-1-17_S105_R1.fastq.gz
Approx 85% complete for Final_cutadapt_None-QS11-1-17_S105_R1.fastq.gz
Approx 90% complete for Final_cutadapt_None-QS11-1-17_S105_R1.fastq.gz
Approx 95% complete for Final_cutadapt_None-QS11-1-17_S105_R1.fastq.gz
Analysis complete for Final_cutadapt_None-QS11-1-17_S105_R1.fastq.gz
Picked up JAVA_TOOL_OPTIONS: -Xmx4944245555
application/gzip
Started analysis of Final_cutadapt_None-QS11-1-18_S106_R1.fastq.gz
Approx 5% complete for Final_cutadapt_None-QS11-1-18_S106_R1.fastq.gz
Approx 10% complete for Final_cutadapt_None-QS11-1-18_S106_R1.fastq.gz
Approx 15% complete for Final_cutadapt_None-QS11-1-18_S106_R1.fastq.gz
Approx 20% complete for Final_cutadapt_None-QS11-1-18_S106_R1.fastq.gz
Approx 25% complete for Final_cutadapt_None-QS11-1-18_S106_R1.fastq.gz
Approx 30% complete for Final_cutadapt_None-QS11-1-18_S106_R1.fastq.gz
Approx 35% complete for Final_cutadapt_None-QS11-1-18_S106_R1.fastq.gz
Approx 40% complete for Final_cutadapt_None-QS11-1-18_S106_R1.fastq.gz
Approx 45% complete for Final_cutadapt_None-QS11-1-18_S106_R1.fastq.gz
Approx 50% complete for Final_cutadapt_None-QS11-1-18_S106_R1.fastq.gz
Approx 55% complete for Final_cutadapt_None-QS11-1-18_S106_R1.fastq.gz
Approx 60% complete for Final_cutadapt_None-QS11-1-18_S106_R1.fastq.gz
Approx 65% complete for Final_cutadapt_None-QS11-1-18_S106_R1.fastq.gz
Approx 70% complete for Final_cutadapt_None-QS11-1-18_S106_R1.fastq.gz
Approx 75% complete for Final_cutadapt_None-QS11-1-18_S106_R1.fastq.gz
Approx 80% complete for Final_cutadapt_None-QS11-1-18_S106_R1.fastq.gz
Approx 85% complete for Final_cutadapt_None-QS11-1-18_S106_R1.fastq.gz
Approx 90% complete for Final_cutadapt_None-QS11-1-18_S106_R1.fastq.gz
Approx 95% complete for Final_cutadapt_None-QS11-1-18_S106_R1.fastq.gz
Analysis complete for Final_cutadapt_None-QS11-1-18_S106_R1.fastq.gz
Picked up JAVA_TOOL_OPTIONS: -Xmx4944245555
application/gzip
Started analysis of Final_cutadapt_None-QS11-1-19_S107_R1.fastq.gz
Approx 5% complete for Final_cutadapt_None-QS11-1-19_S107_R1.fastq.gz
Approx 10% complete for Final_cutadapt_None-QS11-1-19_S107_R1.fastq.gz
Approx 15% complete for Final_cutadapt_None-QS11-1-19_S107_R1.fastq.gz
Approx 20% complete for Final_cutadapt_None-QS11-1-19_S107_R1.fastq.gz
Approx 25% complete for Final_cutadapt_None-QS11-1-19_S107_R1.fastq.gz
Approx 30% complete for Final_cutadapt_None-QS11-1-19_S107_R1.fastq.gz
Approx 35% complete for Final_cutadapt_None-QS11-1-19_S107_R1.fastq.gz
Approx 40% complete for Final_cutadapt_None-QS11-1-19_S107_R1.fastq.gz
Approx 45% complete for Final_cutadapt_None-QS11-1-19_S107_R1.fastq.gz
Approx 50% complete for Final_cutadapt_None-QS11-1-19_S107_R1.fastq.gz
Approx 55% complete for Final_cutadapt_None-QS11-1-19_S107_R1.fastq.gz
Approx 60% complete for Final_cutadapt_None-QS11-1-19_S107_R1.fastq.gz
Approx 65% complete for Final_cutadapt_None-QS11-1-19_S107_R1.fastq.gz
Approx 70% complete for Final_cutadapt_None-QS11-1-19_S107_R1.fastq.gz
Approx 75% complete for Final_cutadapt_None-QS11-1-19_S107_R1.fastq.gz
Approx 80% complete for Final_cutadapt_None-QS11-1-19_S107_R1.fastq.gz
Approx 85% complete for Final_cutadapt_None-QS11-1-19_S107_R1.fastq.gz
Approx 90% complete for Final_cutadapt_None-QS11-1-19_S107_R1.fastq.gz
Approx 95% complete for Final_cutadapt_None-QS11-1-19_S107_R1.fastq.gz
Analysis complete for Final_cutadapt_None-QS11-1-19_S107_R1.fastq.gz
Picked up JAVA_TOOL_OPTIONS: -Xmx4944245555
application/gzip
Started analysis of Final_cutadapt_None-QS11-1-1_S89_R1.fastq.gz
Approx 5% complete for Final_cutadapt_None-QS11-1-1_S89_R1.fastq.gz
Approx 10% complete for Final_cutadapt_None-QS11-1-1_S89_R1.fastq.gz
Approx 15% complete for Final_cutadapt_None-QS11-1-1_S89_R1.fastq.gz
Approx 20% complete for Final_cutadapt_None-QS11-1-1_S89_R1.fastq.gz
Approx 25% complete for Final_cutadapt_None-QS11-1-1_S89_R1.fastq.gz
Approx 30% complete for Final_cutadapt_None-QS11-1-1_S89_R1.fastq.gz
Approx 35% complete for Final_cutadapt_None-QS11-1-1_S89_R1.fastq.gz
Approx 40% complete for Final_cutadapt_None-QS11-1-1_S89_R1.fastq.gz
Approx 45% complete for Final_cutadapt_None-QS11-1-1_S89_R1.fastq.gz
Approx 50% complete for Final_cutadapt_None-QS11-1-1_S89_R1.fastq.gz
Approx 55% complete for Final_cutadapt_None-QS11-1-1_S89_R1.fastq.gz
Approx 60% complete for Final_cutadapt_None-QS11-1-1_S89_R1.fastq.gz
Approx 65% complete for Final_cutadapt_None-QS11-1-1_S89_R1.fastq.gz
Approx 70% complete for Final_cutadapt_None-QS11-1-1_S89_R1.fastq.gz
Approx 75% complete for Final_cutadapt_None-QS11-1-1_S89_R1.fastq.gz
Approx 80% complete for Final_cutadapt_None-QS11-1-1_S89_R1.fastq.gz
Approx 85% complete for Final_cutadapt_None-QS11-1-1_S89_R1.fastq.gz
Approx 90% complete for Final_cutadapt_None-QS11-1-1_S89_R1.fastq.gz
Approx 95% complete for Final_cutadapt_None-QS11-1-1_S89_R1.fastq.gz
Analysis complete for Final_cutadapt_None-QS11-1-1_S89_R1.fastq.gz
Picked up JAVA_TOOL_OPTIONS: -Xmx4944245555
application/gzip
Started analysis of Final_cutadapt_None-QS11-1-20_S108_R1.fastq.gz
Approx 5% complete for Final_cutadapt_None-QS11-1-20_S108_R1.fastq.gz
Approx 10% complete for Final_cutadapt_None-QS11-1-20_S108_R1.fastq.gz
Approx 15% complete for Final_cutadapt_None-QS11-1-20_S108_R1.fastq.gz
Approx 20% complete for Final_cutadapt_None-QS11-1-20_S108_R1.fastq.gz
Approx 25% complete for Final_cutadapt_None-QS11-1-20_S108_R1.fastq.gz
Approx 30% complete for Final_cutadapt_None-QS11-1-20_S108_R1.fastq.gz
Approx 35% complete for Final_cutadapt_None-QS11-1-20_S108_R1.fastq.gz
Approx 40% complete for Final_cutadapt_None-QS11-1-20_S108_R1.fastq.gz
Approx 45% complete for Final_cutadapt_None-QS11-1-20_S108_R1.fastq.gz
Approx 50% complete for Final_cutadapt_None-QS11-1-20_S108_R1.fastq.gz
Approx 55% complete for Final_cutadapt_None-QS11-1-20_S108_R1.fastq.gz
Approx 60% complete for Final_cutadapt_None-QS11-1-20_S108_R1.fastq.gz
Approx 65% complete for Final_cutadapt_None-QS11-1-20_S108_R1.fastq.gz
Approx 70% complete for Final_cutadapt_None-QS11-1-20_S108_R1.fastq.gz
Approx 75% complete for Final_cutadapt_None-QS11-1-20_S108_R1.fastq.gz
Approx 80% complete for Final_cutadapt_None-QS11-1-20_S108_R1.fastq.gz
Approx 85% complete for Final_cutadapt_None-QS11-1-20_S108_R1.fastq.gz
Approx 90% complete for Final_cutadapt_None-QS11-1-20_S108_R1.fastq.gz
Approx 95% complete for Final_cutadapt_None-QS11-1-20_S108_R1.fastq.gz
Analysis complete for Final_cutadapt_None-QS11-1-20_S108_R1.fastq.gz
Picked up JAVA_TOOL_OPTIONS: -Xmx4944245555
application/gzip
Started analysis of Final_cutadapt_None-QS11-1-21_S109_R1.fastq.gz
Approx 5% complete for Final_cutadapt_None-QS11-1-21_S109_R1.fastq.gz
Approx 10% complete for Final_cutadapt_None-QS11-1-21_S109_R1.fastq.gz
Approx 15% complete for Final_cutadapt_None-QS11-1-21_S109_R1.fastq.gz
Approx 20% complete for Final_cutadapt_None-QS11-1-21_S109_R1.fastq.gz
Approx 25% complete for Final_cutadapt_None-QS11-1-21_S109_R1.fastq.gz
Approx 30% complete for Final_cutadapt_None-QS11-1-21_S109_R1.fastq.gz
Approx 35% complete for Final_cutadapt_None-QS11-1-21_S109_R1.fastq.gz
Approx 40% complete for Final_cutadapt_None-QS11-1-21_S109_R1.fastq.gz
Approx 45% complete for Final_cutadapt_None-QS11-1-21_S109_R1.fastq.gz
Approx 50% complete for Final_cutadapt_None-QS11-1-21_S109_R1.fastq.gz
Approx 55% complete for Final_cutadapt_None-QS11-1-21_S109_R1.fastq.gz
Approx 60% complete for Final_cutadapt_None-QS11-1-21_S109_R1.fastq.gz
Approx 65% complete for Final_cutadapt_None-QS11-1-21_S109_R1.fastq.gz
Approx 70% complete for Final_cutadapt_None-QS11-1-21_S109_R1.fastq.gz
Approx 75% complete for Final_cutadapt_None-QS11-1-21_S109_R1.fastq.gz
Approx 80% complete for Final_cutadapt_None-QS11-1-21_S109_R1.fastq.gz
Approx 85% complete for Final_cutadapt_None-QS11-1-21_S109_R1.fastq.gz
Approx 90% complete for Final_cutadapt_None-QS11-1-21_S109_R1.fastq.gz
Approx 95% complete for Final_cutadapt_None-QS11-1-21_S109_R1.fastq.gz
Analysis complete for Final_cutadapt_None-QS11-1-21_S109_R1.fastq.gz
Picked up JAVA_TOOL_OPTIONS: -Xmx4944245555
application/gzip
Started analysis of Final_cutadapt_None-QS11-1-22_S110_R1.fastq.gz
Approx 5% complete for Final_cutadapt_None-QS11-1-22_S110_R1.fastq.gz
Approx 10% complete for Final_cutadapt_None-QS11-1-22_S110_R1.fastq.gz
Approx 15% complete for Final_cutadapt_None-QS11-1-22_S110_R1.fastq.gz
Approx 20% complete for Final_cutadapt_None-QS11-1-22_S110_R1.fastq.gz
Approx 25% complete for Final_cutadapt_None-QS11-1-22_S110_R1.fastq.gz
Approx 30% complete for Final_cutadapt_None-QS11-1-22_S110_R1.fastq.gz
Approx 35% complete for Final_cutadapt_None-QS11-1-22_S110_R1.fastq.gz
Approx 40% complete for Final_cutadapt_None-QS11-1-22_S110_R1.fastq.gz
Approx 45% complete for Final_cutadapt_None-QS11-1-22_S110_R1.fastq.gz
Approx 50% complete for Final_cutadapt_None-QS11-1-22_S110_R1.fastq.gz
Approx 55% complete for Final_cutadapt_None-QS11-1-22_S110_R1.fastq.gz
Approx 60% complete for Final_cutadapt_None-QS11-1-22_S110_R1.fastq.gz
Approx 65% complete for Final_cutadapt_None-QS11-1-22_S110_R1.fastq.gz
Approx 70% complete for Final_cutadapt_None-QS11-1-22_S110_R1.fastq.gz
Approx 75% complete for Final_cutadapt_None-QS11-1-22_S110_R1.fastq.gz
Approx 80% complete for Final_cutadapt_None-QS11-1-22_S110_R1.fastq.gz
Approx 85% complete for Final_cutadapt_None-QS11-1-22_S110_R1.fastq.gz
Approx 90% complete for Final_cutadapt_None-QS11-1-22_S110_R1.fastq.gz
Approx 95% complete for Final_cutadapt_None-QS11-1-22_S110_R1.fastq.gz
Analysis complete for Final_cutadapt_None-QS11-1-22_S110_R1.fastq.gz
Picked up JAVA_TOOL_OPTIONS: -Xmx4944245555
application/gzip
Started analysis of Final_cutadapt_None-QS11-1-23_S111_R1.fastq.gz
Approx 5% complete for Final_cutadapt_None-QS11-1-23_S111_R1.fastq.gz
Approx 10% complete for Final_cutadapt_None-QS11-1-23_S111_R1.fastq.gz
Approx 15% complete for Final_cutadapt_None-QS11-1-23_S111_R1.fastq.gz
Approx 20% complete for Final_cutadapt_None-QS11-1-23_S111_R1.fastq.gz
Approx 25% complete for Final_cutadapt_None-QS11-1-23_S111_R1.fastq.gz
Approx 30% complete for Final_cutadapt_None-QS11-1-23_S111_R1.fastq.gz
Approx 35% complete for Final_cutadapt_None-QS11-1-23_S111_R1.fastq.gz
Approx 40% complete for Final_cutadapt_None-QS11-1-23_S111_R1.fastq.gz
Approx 45% complete for Final_cutadapt_None-QS11-1-23_S111_R1.fastq.gz
Approx 50% complete for Final_cutadapt_None-QS11-1-23_S111_R1.fastq.gz
Approx 55% complete for Final_cutadapt_None-QS11-1-23_S111_R1.fastq.gz
Approx 60% complete for Final_cutadapt_None-QS11-1-23_S111_R1.fastq.gz
Approx 65% complete for Final_cutadapt_None-QS11-1-23_S111_R1.fastq.gz
Approx 70% complete for Final_cutadapt_None-QS11-1-23_S111_R1.fastq.gz
Approx 75% complete for Final_cutadapt_None-QS11-1-23_S111_R1.fastq.gz
Approx 80% complete for Final_cutadapt_None-QS11-1-23_S111_R1.fastq.gz
Approx 85% complete for Final_cutadapt_None-QS11-1-23_S111_R1.fastq.gz
Approx 90% complete for Final_cutadapt_None-QS11-1-23_S111_R1.fastq.gz
Approx 95% complete for Final_cutadapt_None-QS11-1-23_S111_R1.fastq.gz
Analysis complete for Final_cutadapt_None-QS11-1-23_S111_R1.fastq.gz
Picked up JAVA_TOOL_OPTIONS: -Xmx4944245555
application/gzip
Started analysis of Final_cutadapt_None-QS11-1-2_S90_R1.fastq.gz
Approx 5% complete for Final_cutadapt_None-QS11-1-2_S90_R1.fastq.gz
Approx 10% complete for Final_cutadapt_None-QS11-1-2_S90_R1.fastq.gz
Approx 15% complete for Final_cutadapt_None-QS11-1-2_S90_R1.fastq.gz
Approx 20% complete for Final_cutadapt_None-QS11-1-2_S90_R1.fastq.gz
Approx 25% complete for Final_cutadapt_None-QS11-1-2_S90_R1.fastq.gz
Approx 30% complete for Final_cutadapt_None-QS11-1-2_S90_R1.fastq.gz
Approx 35% complete for Final_cutadapt_None-QS11-1-2_S90_R1.fastq.gz
Approx 40% complete for Final_cutadapt_None-QS11-1-2_S90_R1.fastq.gz
Approx 45% complete for Final_cutadapt_None-QS11-1-2_S90_R1.fastq.gz
Approx 50% complete for Final_cutadapt_None-QS11-1-2_S90_R1.fastq.gz
Approx 55% complete for Final_cutadapt_None-QS11-1-2_S90_R1.fastq.gz
Approx 60% complete for Final_cutadapt_None-QS11-1-2_S90_R1.fastq.gz
Approx 65% complete for Final_cutadapt_None-QS11-1-2_S90_R1.fastq.gz
Approx 70% complete for Final_cutadapt_None-QS11-1-2_S90_R1.fastq.gz
Approx 75% complete for Final_cutadapt_None-QS11-1-2_S90_R1.fastq.gz
Approx 80% complete for Final_cutadapt_None-QS11-1-2_S90_R1.fastq.gz
Approx 85% complete for Final_cutadapt_None-QS11-1-2_S90_R1.fastq.gz
Approx 90% complete for Final_cutadapt_None-QS11-1-2_S90_R1.fastq.gz
Approx 95% complete for Final_cutadapt_None-QS11-1-2_S90_R1.fastq.gz
Analysis complete for Final_cutadapt_None-QS11-1-2_S90_R1.fastq.gz
Picked up JAVA_TOOL_OPTIONS: -Xmx4944245555
application/gzip
Started analysis of Final_cutadapt_None-QS11-1-3_S91_R1.fastq.gz
Approx 5% complete for Final_cutadapt_None-QS11-1-3_S91_R1.fastq.gz
Approx 10% complete for Final_cutadapt_None-QS11-1-3_S91_R1.fastq.gz
Approx 15% complete for Final_cutadapt_None-QS11-1-3_S91_R1.fastq.gz
Approx 20% complete for Final_cutadapt_None-QS11-1-3_S91_R1.fastq.gz
Approx 25% complete for Final_cutadapt_None-QS11-1-3_S91_R1.fastq.gz
Approx 30% complete for Final_cutadapt_None-QS11-1-3_S91_R1.fastq.gz
Approx 35% complete for Final_cutadapt_None-QS11-1-3_S91_R1.fastq.gz
Approx 40% complete for Final_cutadapt_None-QS11-1-3_S91_R1.fastq.gz
Approx 45% complete for Final_cutadapt_None-QS11-1-3_S91_R1.fastq.gz
Approx 50% complete for Final_cutadapt_None-QS11-1-3_S91_R1.fastq.gz
Approx 55% complete for Final_cutadapt_None-QS11-1-3_S91_R1.fastq.gz
Approx 60% complete for Final_cutadapt_None-QS11-1-3_S91_R1.fastq.gz
Approx 65% complete for Final_cutadapt_None-QS11-1-3_S91_R1.fastq.gz
Approx 70% complete for Final_cutadapt_None-QS11-1-3_S91_R1.fastq.gz
Approx 75% complete for Final_cutadapt_None-QS11-1-3_S91_R1.fastq.gz
Approx 80% complete for Final_cutadapt_None-QS11-1-3_S91_R1.fastq.gz
Approx 85% complete for Final_cutadapt_None-QS11-1-3_S91_R1.fastq.gz
Approx 90% complete for Final_cutadapt_None-QS11-1-3_S91_R1.fastq.gz
Approx 95% complete for Final_cutadapt_None-QS11-1-3_S91_R1.fastq.gz
Analysis complete for Final_cutadapt_None-QS11-1-3_S91_R1.fastq.gz
Picked up JAVA_TOOL_OPTIONS: -Xmx4944245555
application/gzip
Started analysis of Final_cutadapt_None-QS11-1-4_S92_R1.fastq.gz
Approx 5% complete for Final_cutadapt_None-QS11-1-4_S92_R1.fastq.gz
Approx 10% complete for Final_cutadapt_None-QS11-1-4_S92_R1.fastq.gz
Approx 15% complete for Final_cutadapt_None-QS11-1-4_S92_R1.fastq.gz
Approx 20% complete for Final_cutadapt_None-QS11-1-4_S92_R1.fastq.gz
Approx 25% complete for Final_cutadapt_None-QS11-1-4_S92_R1.fastq.gz
Approx 30% complete for Final_cutadapt_None-QS11-1-4_S92_R1.fastq.gz
Approx 35% complete for Final_cutadapt_None-QS11-1-4_S92_R1.fastq.gz
Approx 40% complete for Final_cutadapt_None-QS11-1-4_S92_R1.fastq.gz
Approx 45% complete for Final_cutadapt_None-QS11-1-4_S92_R1.fastq.gz
Approx 50% complete for Final_cutadapt_None-QS11-1-4_S92_R1.fastq.gz
Approx 55% complete for Final_cutadapt_None-QS11-1-4_S92_R1.fastq.gz
Approx 60% complete for Final_cutadapt_None-QS11-1-4_S92_R1.fastq.gz
Approx 65% complete for Final_cutadapt_None-QS11-1-4_S92_R1.fastq.gz
Approx 70% complete for Final_cutadapt_None-QS11-1-4_S92_R1.fastq.gz
Approx 75% complete for Final_cutadapt_None-QS11-1-4_S92_R1.fastq.gz
Approx 80% complete for Final_cutadapt_None-QS11-1-4_S92_R1.fastq.gz
Approx 85% complete for Final_cutadapt_None-QS11-1-4_S92_R1.fastq.gz
Approx 90% complete for Final_cutadapt_None-QS11-1-4_S92_R1.fastq.gz
Approx 95% complete for Final_cutadapt_None-QS11-1-4_S92_R1.fastq.gz
Analysis complete for Final_cutadapt_None-QS11-1-4_S92_R1.fastq.gz
Picked up JAVA_TOOL_OPTIONS: -Xmx4944245555
application/gzip
Started analysis of Final_cutadapt_None-QS11-1-5_S93_R1.fastq.gz
Approx 5% complete for Final_cutadapt_None-QS11-1-5_S93_R1.fastq.gz
Failed to process file Final_cutadapt_None-QS11-1-5_S93_R1.fastq.gz
uk.ac.babraham.FastQC.Sequence.SequenceFormatException: invalid block type
	at uk.ac.babraham.FastQC.Sequence.FastQFile.readNext(FastQFile.java:222)
	at uk.ac.babraham.FastQC.Sequence.FastQFile.next(FastQFile.java:129)
	at uk.ac.babraham.FastQC.Analysis.AnalysisRunner.run(AnalysisRunner.java:77)
	at java.base/java.lang.Thread.run(Thread.java:829)
