Picked up JAVA_TOOL_OPTIONS: -Xmx4944245555
application/gzip
Started analysis of None-QS11-1-10_S98_R1_001.fastq.gz
Approx 5% complete for None-QS11-1-10_S98_R1_001.fastq.gz
Approx 10% complete for None-QS11-1-10_S98_R1_001.fastq.gz
Approx 15% complete for None-QS11-1-10_S98_R1_001.fastq.gz
Approx 20% complete for None-QS11-1-10_S98_R1_001.fastq.gz
Approx 25% complete for None-QS11-1-10_S98_R1_001.fastq.gz
Approx 30% complete for None-QS11-1-10_S98_R1_001.fastq.gz
Approx 35% complete for None-QS11-1-10_S98_R1_001.fastq.gz
Approx 40% complete for None-QS11-1-10_S98_R1_001.fastq.gz
Approx 45% complete for None-QS11-1-10_S98_R1_001.fastq.gz
Approx 50% complete for None-QS11-1-10_S98_R1_001.fastq.gz
Approx 55% complete for None-QS11-1-10_S98_R1_001.fastq.gz
Approx 60% complete for None-QS11-1-10_S98_R1_001.fastq.gz
Approx 65% complete for None-QS11-1-10_S98_R1_001.fastq.gz
Approx 70% complete for None-QS11-1-10_S98_R1_001.fastq.gz
Approx 75% complete for None-QS11-1-10_S98_R1_001.fastq.gz
Approx 80% complete for None-QS11-1-10_S98_R1_001.fastq.gz
Approx 85% complete for None-QS11-1-10_S98_R1_001.fastq.gz
Approx 90% complete for None-QS11-1-10_S98_R1_001.fastq.gz
Approx 95% complete for None-QS11-1-10_S98_R1_001.fastq.gz
Analysis complete for None-QS11-1-10_S98_R1_001.fastq.gz
Picked up JAVA_TOOL_OPTIONS: -Xmx4944245555
application/gzip
Started analysis of None-QS11-1-10_S98_R2_001.fastq.gz
Approx 5% complete for None-QS11-1-10_S98_R2_001.fastq.gz
Approx 10% complete for None-QS11-1-10_S98_R2_001.fastq.gz
Approx 15% complete for None-QS11-1-10_S98_R2_001.fastq.gz
Approx 20% complete for None-QS11-1-10_S98_R2_001.fastq.gz
Approx 25% complete for None-QS11-1-10_S98_R2_001.fastq.gz
Approx 30% complete for None-QS11-1-10_S98_R2_001.fastq.gz
Approx 35% complete for None-QS11-1-10_S98_R2_001.fastq.gz
Approx 40% complete for None-QS11-1-10_S98_R2_001.fastq.gz
Approx 45% complete for None-QS11-1-10_S98_R2_001.fastq.gz
Approx 50% complete for None-QS11-1-10_S98_R2_001.fastq.gz
Approx 55% complete for None-QS11-1-10_S98_R2_001.fastq.gz
Approx 60% complete for None-QS11-1-10_S98_R2_001.fastq.gz
Approx 65% complete for None-QS11-1-10_S98_R2_001.fastq.gz
Approx 70% complete for None-QS11-1-10_S98_R2_001.fastq.gz
Approx 75% complete for None-QS11-1-10_S98_R2_001.fastq.gz
Approx 80% complete for None-QS11-1-10_S98_R2_001.fastq.gz
Approx 85% complete for None-QS11-1-10_S98_R2_001.fastq.gz
Approx 90% complete for None-QS11-1-10_S98_R2_001.fastq.gz
Approx 95% complete for None-QS11-1-10_S98_R2_001.fastq.gz
Analysis complete for None-QS11-1-10_S98_R2_001.fastq.gz
Picked up JAVA_TOOL_OPTIONS: -Xmx4944245555
application/gzip
Started analysis of None-QS11-1-11_S99_R1_001.fastq.gz
Approx 5% complete for None-QS11-1-11_S99_R1_001.fastq.gz
Approx 10% complete for None-QS11-1-11_S99_R1_001.fastq.gz
Approx 15% complete for None-QS11-1-11_S99_R1_001.fastq.gz
Approx 20% complete for None-QS11-1-11_S99_R1_001.fastq.gz
Approx 25% complete for None-QS11-1-11_S99_R1_001.fastq.gz
Approx 30% complete for None-QS11-1-11_S99_R1_001.fastq.gz
Approx 35% complete for None-QS11-1-11_S99_R1_001.fastq.gz
Approx 40% complete for None-QS11-1-11_S99_R1_001.fastq.gz
Approx 45% complete for None-QS11-1-11_S99_R1_001.fastq.gz
Approx 50% complete for None-QS11-1-11_S99_R1_001.fastq.gz
Approx 55% complete for None-QS11-1-11_S99_R1_001.fastq.gz
Approx 60% complete for None-QS11-1-11_S99_R1_001.fastq.gz
Approx 65% complete for None-QS11-1-11_S99_R1_001.fastq.gz
Approx 70% complete for None-QS11-1-11_S99_R1_001.fastq.gz
Approx 75% complete for None-QS11-1-11_S99_R1_001.fastq.gz
Approx 80% complete for None-QS11-1-11_S99_R1_001.fastq.gz
Approx 85% complete for None-QS11-1-11_S99_R1_001.fastq.gz
Approx 90% complete for None-QS11-1-11_S99_R1_001.fastq.gz
Approx 95% complete for None-QS11-1-11_S99_R1_001.fastq.gz
Analysis complete for None-QS11-1-11_S99_R1_001.fastq.gz
Picked up JAVA_TOOL_OPTIONS: -Xmx4944245555
application/gzip
Started analysis of None-QS11-1-11_S99_R2_001.fastq.gz
Approx 5% complete for None-QS11-1-11_S99_R2_001.fastq.gz
Approx 10% complete for None-QS11-1-11_S99_R2_001.fastq.gz
Approx 15% complete for None-QS11-1-11_S99_R2_001.fastq.gz
Approx 20% complete for None-QS11-1-11_S99_R2_001.fastq.gz
Approx 25% complete for None-QS11-1-11_S99_R2_001.fastq.gz
Approx 30% complete for None-QS11-1-11_S99_R2_001.fastq.gz
Approx 35% complete for None-QS11-1-11_S99_R2_001.fastq.gz
Approx 40% complete for None-QS11-1-11_S99_R2_001.fastq.gz
Approx 45% complete for None-QS11-1-11_S99_R2_001.fastq.gz
Approx 50% complete for None-QS11-1-11_S99_R2_001.fastq.gz
Approx 55% complete for None-QS11-1-11_S99_R2_001.fastq.gz
Approx 60% complete for None-QS11-1-11_S99_R2_001.fastq.gz
Approx 65% complete for None-QS11-1-11_S99_R2_001.fastq.gz
Approx 70% complete for None-QS11-1-11_S99_R2_001.fastq.gz
Approx 75% complete for None-QS11-1-11_S99_R2_001.fastq.gz
Approx 80% complete for None-QS11-1-11_S99_R2_001.fastq.gz
Approx 85% complete for None-QS11-1-11_S99_R2_001.fastq.gz
Approx 90% complete for None-QS11-1-11_S99_R2_001.fastq.gz
Approx 95% complete for None-QS11-1-11_S99_R2_001.fastq.gz
Analysis complete for None-QS11-1-11_S99_R2_001.fastq.gz
Picked up JAVA_TOOL_OPTIONS: -Xmx4944245555
application/gzip
Started analysis of None-QS11-1-12_S100_R1_001.fastq.gz
Approx 5% complete for None-QS11-1-12_S100_R1_001.fastq.gz
Approx 10% complete for None-QS11-1-12_S100_R1_001.fastq.gz
Approx 15% complete for None-QS11-1-12_S100_R1_001.fastq.gz
Approx 20% complete for None-QS11-1-12_S100_R1_001.fastq.gz
Approx 25% complete for None-QS11-1-12_S100_R1_001.fastq.gz
Approx 30% complete for None-QS11-1-12_S100_R1_001.fastq.gz
Approx 35% complete for None-QS11-1-12_S100_R1_001.fastq.gz
Approx 40% complete for None-QS11-1-12_S100_R1_001.fastq.gz
Approx 45% complete for None-QS11-1-12_S100_R1_001.fastq.gz
Approx 50% complete for None-QS11-1-12_S100_R1_001.fastq.gz
Approx 55% complete for None-QS11-1-12_S100_R1_001.fastq.gz
Approx 60% complete for None-QS11-1-12_S100_R1_001.fastq.gz
Approx 65% complete for None-QS11-1-12_S100_R1_001.fastq.gz
Approx 70% complete for None-QS11-1-12_S100_R1_001.fastq.gz
Approx 75% complete for None-QS11-1-12_S100_R1_001.fastq.gz
Approx 80% complete for None-QS11-1-12_S100_R1_001.fastq.gz
Approx 85% complete for None-QS11-1-12_S100_R1_001.fastq.gz
Approx 90% complete for None-QS11-1-12_S100_R1_001.fastq.gz
Approx 95% complete for None-QS11-1-12_S100_R1_001.fastq.gz
Analysis complete for None-QS11-1-12_S100_R1_001.fastq.gz
Picked up JAVA_TOOL_OPTIONS: -Xmx4944245555
application/gzip
Started analysis of None-QS11-1-12_S100_R2_001.fastq.gz
Approx 5% complete for None-QS11-1-12_S100_R2_001.fastq.gz
Approx 10% complete for None-QS11-1-12_S100_R2_001.fastq.gz
Approx 15% complete for None-QS11-1-12_S100_R2_001.fastq.gz
Approx 20% complete for None-QS11-1-12_S100_R2_001.fastq.gz
Approx 25% complete for None-QS11-1-12_S100_R2_001.fastq.gz
Approx 30% complete for None-QS11-1-12_S100_R2_001.fastq.gz
Approx 35% complete for None-QS11-1-12_S100_R2_001.fastq.gz
Approx 40% complete for None-QS11-1-12_S100_R2_001.fastq.gz
Approx 45% complete for None-QS11-1-12_S100_R2_001.fastq.gz
Approx 50% complete for None-QS11-1-12_S100_R2_001.fastq.gz
Approx 55% complete for None-QS11-1-12_S100_R2_001.fastq.gz
Approx 60% complete for None-QS11-1-12_S100_R2_001.fastq.gz
Approx 65% complete for None-QS11-1-12_S100_R2_001.fastq.gz
Approx 70% complete for None-QS11-1-12_S100_R2_001.fastq.gz
Approx 75% complete for None-QS11-1-12_S100_R2_001.fastq.gz
Approx 80% complete for None-QS11-1-12_S100_R2_001.fastq.gz
Approx 85% complete for None-QS11-1-12_S100_R2_001.fastq.gz
Approx 90% complete for None-QS11-1-12_S100_R2_001.fastq.gz
Approx 95% complete for None-QS11-1-12_S100_R2_001.fastq.gz
Analysis complete for None-QS11-1-12_S100_R2_001.fastq.gz
Picked up JAVA_TOOL_OPTIONS: -Xmx4944245555
application/gzip
Started analysis of None-QS11-1-13_S101_R1_001.fastq.gz
Approx 5% complete for None-QS11-1-13_S101_R1_001.fastq.gz
Approx 10% complete for None-QS11-1-13_S101_R1_001.fastq.gz
Approx 15% complete for None-QS11-1-13_S101_R1_001.fastq.gz
Approx 20% complete for None-QS11-1-13_S101_R1_001.fastq.gz
Approx 25% complete for None-QS11-1-13_S101_R1_001.fastq.gz
Approx 30% complete for None-QS11-1-13_S101_R1_001.fastq.gz
Approx 35% complete for None-QS11-1-13_S101_R1_001.fastq.gz
Approx 40% complete for None-QS11-1-13_S101_R1_001.fastq.gz
Approx 45% complete for None-QS11-1-13_S101_R1_001.fastq.gz
Approx 50% complete for None-QS11-1-13_S101_R1_001.fastq.gz
Approx 55% complete for None-QS11-1-13_S101_R1_001.fastq.gz
Approx 60% complete for None-QS11-1-13_S101_R1_001.fastq.gz
Approx 65% complete for None-QS11-1-13_S101_R1_001.fastq.gz
Approx 70% complete for None-QS11-1-13_S101_R1_001.fastq.gz
Approx 75% complete for None-QS11-1-13_S101_R1_001.fastq.gz
Approx 80% complete for None-QS11-1-13_S101_R1_001.fastq.gz
Approx 85% complete for None-QS11-1-13_S101_R1_001.fastq.gz
Approx 90% complete for None-QS11-1-13_S101_R1_001.fastq.gz
Approx 95% complete for None-QS11-1-13_S101_R1_001.fastq.gz
Analysis complete for None-QS11-1-13_S101_R1_001.fastq.gz
Picked up JAVA_TOOL_OPTIONS: -Xmx4944245555
application/gzip
Started analysis of None-QS11-1-13_S101_R2_001.fastq.gz
Approx 5% complete for None-QS11-1-13_S101_R2_001.fastq.gz
Approx 10% complete for None-QS11-1-13_S101_R2_001.fastq.gz
Approx 15% complete for None-QS11-1-13_S101_R2_001.fastq.gz
Approx 20% complete for None-QS11-1-13_S101_R2_001.fastq.gz
Approx 25% complete for None-QS11-1-13_S101_R2_001.fastq.gz
Approx 30% complete for None-QS11-1-13_S101_R2_001.fastq.gz
Approx 35% complete for None-QS11-1-13_S101_R2_001.fastq.gz
Approx 40% complete for None-QS11-1-13_S101_R2_001.fastq.gz
Approx 45% complete for None-QS11-1-13_S101_R2_001.fastq.gz
Approx 50% complete for None-QS11-1-13_S101_R2_001.fastq.gz
Approx 55% complete for None-QS11-1-13_S101_R2_001.fastq.gz
Approx 60% complete for None-QS11-1-13_S101_R2_001.fastq.gz
Approx 65% complete for None-QS11-1-13_S101_R2_001.fastq.gz
Approx 70% complete for None-QS11-1-13_S101_R2_001.fastq.gz
Approx 75% complete for None-QS11-1-13_S101_R2_001.fastq.gz
Approx 80% complete for None-QS11-1-13_S101_R2_001.fastq.gz
Approx 85% complete for None-QS11-1-13_S101_R2_001.fastq.gz
Approx 90% complete for None-QS11-1-13_S101_R2_001.fastq.gz
Approx 95% complete for None-QS11-1-13_S101_R2_001.fastq.gz
Analysis complete for None-QS11-1-13_S101_R2_001.fastq.gz
Picked up JAVA_TOOL_OPTIONS: -Xmx4944245555
application/gzip
Started analysis of None-QS11-1-14_S102_R1_001.fastq.gz
Approx 5% complete for None-QS11-1-14_S102_R1_001.fastq.gz
Approx 10% complete for None-QS11-1-14_S102_R1_001.fastq.gz
Approx 15% complete for None-QS11-1-14_S102_R1_001.fastq.gz
Approx 20% complete for None-QS11-1-14_S102_R1_001.fastq.gz
Approx 25% complete for None-QS11-1-14_S102_R1_001.fastq.gz
Approx 30% complete for None-QS11-1-14_S102_R1_001.fastq.gz
Approx 35% complete for None-QS11-1-14_S102_R1_001.fastq.gz
Approx 40% complete for None-QS11-1-14_S102_R1_001.fastq.gz
Approx 45% complete for None-QS11-1-14_S102_R1_001.fastq.gz
Approx 50% complete for None-QS11-1-14_S102_R1_001.fastq.gz
Approx 55% complete for None-QS11-1-14_S102_R1_001.fastq.gz
Approx 60% complete for None-QS11-1-14_S102_R1_001.fastq.gz
Approx 65% complete for None-QS11-1-14_S102_R1_001.fastq.gz
Approx 70% complete for None-QS11-1-14_S102_R1_001.fastq.gz
Approx 75% complete for None-QS11-1-14_S102_R1_001.fastq.gz
Approx 80% complete for None-QS11-1-14_S102_R1_001.fastq.gz
Approx 85% complete for None-QS11-1-14_S102_R1_001.fastq.gz
Approx 90% complete for None-QS11-1-14_S102_R1_001.fastq.gz
Approx 95% complete for None-QS11-1-14_S102_R1_001.fastq.gz
Analysis complete for None-QS11-1-14_S102_R1_001.fastq.gz
Picked up JAVA_TOOL_OPTIONS: -Xmx4944245555
application/gzip
Started analysis of None-QS11-1-14_S102_R2_001.fastq.gz
Approx 5% complete for None-QS11-1-14_S102_R2_001.fastq.gz
Approx 10% complete for None-QS11-1-14_S102_R2_001.fastq.gz
Approx 15% complete for None-QS11-1-14_S102_R2_001.fastq.gz
Approx 20% complete for None-QS11-1-14_S102_R2_001.fastq.gz
Approx 25% complete for None-QS11-1-14_S102_R2_001.fastq.gz
Approx 30% complete for None-QS11-1-14_S102_R2_001.fastq.gz
Approx 35% complete for None-QS11-1-14_S102_R2_001.fastq.gz
Approx 40% complete for None-QS11-1-14_S102_R2_001.fastq.gz
Approx 45% complete for None-QS11-1-14_S102_R2_001.fastq.gz
Approx 50% complete for None-QS11-1-14_S102_R2_001.fastq.gz
Approx 55% complete for None-QS11-1-14_S102_R2_001.fastq.gz
Approx 60% complete for None-QS11-1-14_S102_R2_001.fastq.gz
Approx 65% complete for None-QS11-1-14_S102_R2_001.fastq.gz
Approx 70% complete for None-QS11-1-14_S102_R2_001.fastq.gz
Approx 75% complete for None-QS11-1-14_S102_R2_001.fastq.gz
Approx 80% complete for None-QS11-1-14_S102_R2_001.fastq.gz
Approx 85% complete for None-QS11-1-14_S102_R2_001.fastq.gz
Approx 90% complete for None-QS11-1-14_S102_R2_001.fastq.gz
Approx 95% complete for None-QS11-1-14_S102_R2_001.fastq.gz
Analysis complete for None-QS11-1-14_S102_R2_001.fastq.gz
Picked up JAVA_TOOL_OPTIONS: -Xmx4944245555
application/gzip
Started analysis of None-QS11-1-15_S103_R1_001.fastq.gz
Approx 5% complete for None-QS11-1-15_S103_R1_001.fastq.gz
Approx 10% complete for None-QS11-1-15_S103_R1_001.fastq.gz
Approx 15% complete for None-QS11-1-15_S103_R1_001.fastq.gz
Approx 20% complete for None-QS11-1-15_S103_R1_001.fastq.gz
Approx 25% complete for None-QS11-1-15_S103_R1_001.fastq.gz
Approx 30% complete for None-QS11-1-15_S103_R1_001.fastq.gz
Approx 35% complete for None-QS11-1-15_S103_R1_001.fastq.gz
Approx 40% complete for None-QS11-1-15_S103_R1_001.fastq.gz
Approx 45% complete for None-QS11-1-15_S103_R1_001.fastq.gz
Approx 50% complete for None-QS11-1-15_S103_R1_001.fastq.gz
Approx 55% complete for None-QS11-1-15_S103_R1_001.fastq.gz
Approx 60% complete for None-QS11-1-15_S103_R1_001.fastq.gz
Approx 65% complete for None-QS11-1-15_S103_R1_001.fastq.gz
Approx 70% complete for None-QS11-1-15_S103_R1_001.fastq.gz
Approx 75% complete for None-QS11-1-15_S103_R1_001.fastq.gz
Approx 80% complete for None-QS11-1-15_S103_R1_001.fastq.gz
Approx 85% complete for None-QS11-1-15_S103_R1_001.fastq.gz
Approx 90% complete for None-QS11-1-15_S103_R1_001.fastq.gz
Approx 95% complete for None-QS11-1-15_S103_R1_001.fastq.gz
Analysis complete for None-QS11-1-15_S103_R1_001.fastq.gz
Picked up JAVA_TOOL_OPTIONS: -Xmx4944245555
application/gzip
Started analysis of None-QS11-1-15_S103_R2_001.fastq.gz
Approx 5% complete for None-QS11-1-15_S103_R2_001.fastq.gz
Approx 10% complete for None-QS11-1-15_S103_R2_001.fastq.gz
Approx 15% complete for None-QS11-1-15_S103_R2_001.fastq.gz
Approx 20% complete for None-QS11-1-15_S103_R2_001.fastq.gz
Approx 25% complete for None-QS11-1-15_S103_R2_001.fastq.gz
Approx 30% complete for None-QS11-1-15_S103_R2_001.fastq.gz
Approx 35% complete for None-QS11-1-15_S103_R2_001.fastq.gz
Approx 40% complete for None-QS11-1-15_S103_R2_001.fastq.gz
Approx 45% complete for None-QS11-1-15_S103_R2_001.fastq.gz
Approx 50% complete for None-QS11-1-15_S103_R2_001.fastq.gz
Approx 55% complete for None-QS11-1-15_S103_R2_001.fastq.gz
Approx 60% complete for None-QS11-1-15_S103_R2_001.fastq.gz
Approx 65% complete for None-QS11-1-15_S103_R2_001.fastq.gz
Approx 70% complete for None-QS11-1-15_S103_R2_001.fastq.gz
Approx 75% complete for None-QS11-1-15_S103_R2_001.fastq.gz
Approx 80% complete for None-QS11-1-15_S103_R2_001.fastq.gz
Approx 85% complete for None-QS11-1-15_S103_R2_001.fastq.gz
Approx 90% complete for None-QS11-1-15_S103_R2_001.fastq.gz
Approx 95% complete for None-QS11-1-15_S103_R2_001.fastq.gz
Analysis complete for None-QS11-1-15_S103_R2_001.fastq.gz
Picked up JAVA_TOOL_OPTIONS: -Xmx4944245555
application/gzip
Started analysis of None-QS11-1-16_S104_R1_001.fastq.gz
Approx 5% complete for None-QS11-1-16_S104_R1_001.fastq.gz
Approx 10% complete for None-QS11-1-16_S104_R1_001.fastq.gz
Approx 15% complete for None-QS11-1-16_S104_R1_001.fastq.gz
Approx 20% complete for None-QS11-1-16_S104_R1_001.fastq.gz
Approx 25% complete for None-QS11-1-16_S104_R1_001.fastq.gz
Approx 30% complete for None-QS11-1-16_S104_R1_001.fastq.gz
Approx 35% complete for None-QS11-1-16_S104_R1_001.fastq.gz
Approx 40% complete for None-QS11-1-16_S104_R1_001.fastq.gz
Approx 45% complete for None-QS11-1-16_S104_R1_001.fastq.gz
Approx 50% complete for None-QS11-1-16_S104_R1_001.fastq.gz
Approx 55% complete for None-QS11-1-16_S104_R1_001.fastq.gz
Approx 60% complete for None-QS11-1-16_S104_R1_001.fastq.gz
Approx 65% complete for None-QS11-1-16_S104_R1_001.fastq.gz
Approx 70% complete for None-QS11-1-16_S104_R1_001.fastq.gz
Approx 75% complete for None-QS11-1-16_S104_R1_001.fastq.gz
Approx 80% complete for None-QS11-1-16_S104_R1_001.fastq.gz
Approx 85% complete for None-QS11-1-16_S104_R1_001.fastq.gz
Approx 90% complete for None-QS11-1-16_S104_R1_001.fastq.gz
Approx 95% complete for None-QS11-1-16_S104_R1_001.fastq.gz
Analysis complete for None-QS11-1-16_S104_R1_001.fastq.gz
Picked up JAVA_TOOL_OPTIONS: -Xmx4944245555
application/gzip
Started analysis of None-QS11-1-16_S104_R2_001.fastq.gz
Approx 5% complete for None-QS11-1-16_S104_R2_001.fastq.gz
Approx 10% complete for None-QS11-1-16_S104_R2_001.fastq.gz
Approx 15% complete for None-QS11-1-16_S104_R2_001.fastq.gz
Approx 20% complete for None-QS11-1-16_S104_R2_001.fastq.gz
Approx 25% complete for None-QS11-1-16_S104_R2_001.fastq.gz
Approx 30% complete for None-QS11-1-16_S104_R2_001.fastq.gz
Approx 35% complete for None-QS11-1-16_S104_R2_001.fastq.gz
Approx 40% complete for None-QS11-1-16_S104_R2_001.fastq.gz
Approx 45% complete for None-QS11-1-16_S104_R2_001.fastq.gz
Approx 50% complete for None-QS11-1-16_S104_R2_001.fastq.gz
Approx 55% complete for None-QS11-1-16_S104_R2_001.fastq.gz
Approx 60% complete for None-QS11-1-16_S104_R2_001.fastq.gz
Approx 65% complete for None-QS11-1-16_S104_R2_001.fastq.gz
Approx 70% complete for None-QS11-1-16_S104_R2_001.fastq.gz
Approx 75% complete for None-QS11-1-16_S104_R2_001.fastq.gz
Approx 80% complete for None-QS11-1-16_S104_R2_001.fastq.gz
Approx 85% complete for None-QS11-1-16_S104_R2_001.fastq.gz
Approx 90% complete for None-QS11-1-16_S104_R2_001.fastq.gz
Approx 95% complete for None-QS11-1-16_S104_R2_001.fastq.gz
Analysis complete for None-QS11-1-16_S104_R2_001.fastq.gz
Picked up JAVA_TOOL_OPTIONS: -Xmx4944245555
application/gzip
Started analysis of None-QS11-1-17_S105_R1_001.fastq.gz
Approx 5% complete for None-QS11-1-17_S105_R1_001.fastq.gz
Approx 10% complete for None-QS11-1-17_S105_R1_001.fastq.gz
Approx 15% complete for None-QS11-1-17_S105_R1_001.fastq.gz
Approx 20% complete for None-QS11-1-17_S105_R1_001.fastq.gz
Approx 25% complete for None-QS11-1-17_S105_R1_001.fastq.gz
Approx 30% complete for None-QS11-1-17_S105_R1_001.fastq.gz
Approx 35% complete for None-QS11-1-17_S105_R1_001.fastq.gz
Approx 40% complete for None-QS11-1-17_S105_R1_001.fastq.gz
Approx 45% complete for None-QS11-1-17_S105_R1_001.fastq.gz
Approx 50% complete for None-QS11-1-17_S105_R1_001.fastq.gz
Approx 55% complete for None-QS11-1-17_S105_R1_001.fastq.gz
Approx 60% complete for None-QS11-1-17_S105_R1_001.fastq.gz
Approx 65% complete for None-QS11-1-17_S105_R1_001.fastq.gz
Approx 70% complete for None-QS11-1-17_S105_R1_001.fastq.gz
Approx 75% complete for None-QS11-1-17_S105_R1_001.fastq.gz
Approx 80% complete for None-QS11-1-17_S105_R1_001.fastq.gz
Approx 85% complete for None-QS11-1-17_S105_R1_001.fastq.gz
Approx 90% complete for None-QS11-1-17_S105_R1_001.fastq.gz
Approx 95% complete for None-QS11-1-17_S105_R1_001.fastq.gz
Analysis complete for None-QS11-1-17_S105_R1_001.fastq.gz
Picked up JAVA_TOOL_OPTIONS: -Xmx4944245555
application/gzip
Started analysis of None-QS11-1-17_S105_R2_001.fastq.gz
Approx 5% complete for None-QS11-1-17_S105_R2_001.fastq.gz
Approx 10% complete for None-QS11-1-17_S105_R2_001.fastq.gz
Approx 15% complete for None-QS11-1-17_S105_R2_001.fastq.gz
Approx 20% complete for None-QS11-1-17_S105_R2_001.fastq.gz
Approx 25% complete for None-QS11-1-17_S105_R2_001.fastq.gz
Approx 30% complete for None-QS11-1-17_S105_R2_001.fastq.gz
Approx 35% complete for None-QS11-1-17_S105_R2_001.fastq.gz
Approx 40% complete for None-QS11-1-17_S105_R2_001.fastq.gz
Approx 45% complete for None-QS11-1-17_S105_R2_001.fastq.gz
Approx 50% complete for None-QS11-1-17_S105_R2_001.fastq.gz
Approx 55% complete for None-QS11-1-17_S105_R2_001.fastq.gz
Approx 60% complete for None-QS11-1-17_S105_R2_001.fastq.gz
Approx 65% complete for None-QS11-1-17_S105_R2_001.fastq.gz
Approx 70% complete for None-QS11-1-17_S105_R2_001.fastq.gz
Approx 75% complete for None-QS11-1-17_S105_R2_001.fastq.gz
Approx 80% complete for None-QS11-1-17_S105_R2_001.fastq.gz
Approx 85% complete for None-QS11-1-17_S105_R2_001.fastq.gz
Approx 90% complete for None-QS11-1-17_S105_R2_001.fastq.gz
Approx 95% complete for None-QS11-1-17_S105_R2_001.fastq.gz
Analysis complete for None-QS11-1-17_S105_R2_001.fastq.gz
Picked up JAVA_TOOL_OPTIONS: -Xmx4944245555
application/gzip
Started analysis of None-QS11-1-18_S106_R1_001.fastq.gz
Approx 5% complete for None-QS11-1-18_S106_R1_001.fastq.gz
Approx 10% complete for None-QS11-1-18_S106_R1_001.fastq.gz
Approx 15% complete for None-QS11-1-18_S106_R1_001.fastq.gz
Approx 20% complete for None-QS11-1-18_S106_R1_001.fastq.gz
Approx 25% complete for None-QS11-1-18_S106_R1_001.fastq.gz
Approx 30% complete for None-QS11-1-18_S106_R1_001.fastq.gz
Approx 35% complete for None-QS11-1-18_S106_R1_001.fastq.gz
Approx 40% complete for None-QS11-1-18_S106_R1_001.fastq.gz
Approx 45% complete for None-QS11-1-18_S106_R1_001.fastq.gz
Approx 50% complete for None-QS11-1-18_S106_R1_001.fastq.gz
Approx 55% complete for None-QS11-1-18_S106_R1_001.fastq.gz
Approx 60% complete for None-QS11-1-18_S106_R1_001.fastq.gz
Approx 65% complete for None-QS11-1-18_S106_R1_001.fastq.gz
Approx 70% complete for None-QS11-1-18_S106_R1_001.fastq.gz
Approx 75% complete for None-QS11-1-18_S106_R1_001.fastq.gz
Approx 80% complete for None-QS11-1-18_S106_R1_001.fastq.gz
Approx 85% complete for None-QS11-1-18_S106_R1_001.fastq.gz
Approx 90% complete for None-QS11-1-18_S106_R1_001.fastq.gz
Approx 95% complete for None-QS11-1-18_S106_R1_001.fastq.gz
Analysis complete for None-QS11-1-18_S106_R1_001.fastq.gz
Picked up JAVA_TOOL_OPTIONS: -Xmx4944245555
application/gzip
Started analysis of None-QS11-1-18_S106_R2_001.fastq.gz
Approx 5% complete for None-QS11-1-18_S106_R2_001.fastq.gz
Approx 10% complete for None-QS11-1-18_S106_R2_001.fastq.gz
Approx 15% complete for None-QS11-1-18_S106_R2_001.fastq.gz
Approx 20% complete for None-QS11-1-18_S106_R2_001.fastq.gz
Approx 25% complete for None-QS11-1-18_S106_R2_001.fastq.gz
Approx 30% complete for None-QS11-1-18_S106_R2_001.fastq.gz
Approx 35% complete for None-QS11-1-18_S106_R2_001.fastq.gz
Approx 40% complete for None-QS11-1-18_S106_R2_001.fastq.gz
Approx 45% complete for None-QS11-1-18_S106_R2_001.fastq.gz
Approx 50% complete for None-QS11-1-18_S106_R2_001.fastq.gz
Approx 55% complete for None-QS11-1-18_S106_R2_001.fastq.gz
Approx 60% complete for None-QS11-1-18_S106_R2_001.fastq.gz
Approx 65% complete for None-QS11-1-18_S106_R2_001.fastq.gz
Approx 70% complete for None-QS11-1-18_S106_R2_001.fastq.gz
Approx 75% complete for None-QS11-1-18_S106_R2_001.fastq.gz
Approx 80% complete for None-QS11-1-18_S106_R2_001.fastq.gz
Approx 85% complete for None-QS11-1-18_S106_R2_001.fastq.gz
Approx 90% complete for None-QS11-1-18_S106_R2_001.fastq.gz
Approx 95% complete for None-QS11-1-18_S106_R2_001.fastq.gz
Analysis complete for None-QS11-1-18_S106_R2_001.fastq.gz
Picked up JAVA_TOOL_OPTIONS: -Xmx4944245555
application/gzip
Started analysis of None-QS11-1-19_S107_R1_001.fastq.gz
Approx 5% complete for None-QS11-1-19_S107_R1_001.fastq.gz
Approx 10% complete for None-QS11-1-19_S107_R1_001.fastq.gz
Approx 15% complete for None-QS11-1-19_S107_R1_001.fastq.gz
Approx 20% complete for None-QS11-1-19_S107_R1_001.fastq.gz
Approx 25% complete for None-QS11-1-19_S107_R1_001.fastq.gz
Approx 30% complete for None-QS11-1-19_S107_R1_001.fastq.gz
Approx 35% complete for None-QS11-1-19_S107_R1_001.fastq.gz
Approx 40% complete for None-QS11-1-19_S107_R1_001.fastq.gz
Approx 45% complete for None-QS11-1-19_S107_R1_001.fastq.gz
Approx 50% complete for None-QS11-1-19_S107_R1_001.fastq.gz
Approx 55% complete for None-QS11-1-19_S107_R1_001.fastq.gz
Approx 60% complete for None-QS11-1-19_S107_R1_001.fastq.gz
Approx 65% complete for None-QS11-1-19_S107_R1_001.fastq.gz
Approx 70% complete for None-QS11-1-19_S107_R1_001.fastq.gz
Approx 75% complete for None-QS11-1-19_S107_R1_001.fastq.gz
Approx 80% complete for None-QS11-1-19_S107_R1_001.fastq.gz
Approx 85% complete for None-QS11-1-19_S107_R1_001.fastq.gz
Approx 90% complete for None-QS11-1-19_S107_R1_001.fastq.gz
Approx 95% complete for None-QS11-1-19_S107_R1_001.fastq.gz
Analysis complete for None-QS11-1-19_S107_R1_001.fastq.gz
Picked up JAVA_TOOL_OPTIONS: -Xmx4944245555
application/gzip
Started analysis of None-QS11-1-19_S107_R2_001.fastq.gz
Approx 5% complete for None-QS11-1-19_S107_R2_001.fastq.gz
Approx 10% complete for None-QS11-1-19_S107_R2_001.fastq.gz
Approx 15% complete for None-QS11-1-19_S107_R2_001.fastq.gz
Approx 20% complete for None-QS11-1-19_S107_R2_001.fastq.gz
Approx 25% complete for None-QS11-1-19_S107_R2_001.fastq.gz
Approx 30% complete for None-QS11-1-19_S107_R2_001.fastq.gz
Approx 35% complete for None-QS11-1-19_S107_R2_001.fastq.gz
Approx 40% complete for None-QS11-1-19_S107_R2_001.fastq.gz
Approx 45% complete for None-QS11-1-19_S107_R2_001.fastq.gz
Approx 50% complete for None-QS11-1-19_S107_R2_001.fastq.gz
Approx 55% complete for None-QS11-1-19_S107_R2_001.fastq.gz
Approx 60% complete for None-QS11-1-19_S107_R2_001.fastq.gz
Approx 65% complete for None-QS11-1-19_S107_R2_001.fastq.gz
Approx 70% complete for None-QS11-1-19_S107_R2_001.fastq.gz
Approx 75% complete for None-QS11-1-19_S107_R2_001.fastq.gz
Approx 80% complete for None-QS11-1-19_S107_R2_001.fastq.gz
Approx 85% complete for None-QS11-1-19_S107_R2_001.fastq.gz
Approx 90% complete for None-QS11-1-19_S107_R2_001.fastq.gz
Approx 95% complete for None-QS11-1-19_S107_R2_001.fastq.gz
Analysis complete for None-QS11-1-19_S107_R2_001.fastq.gz
Picked up JAVA_TOOL_OPTIONS: -Xmx4944245555
application/gzip
Started analysis of None-QS11-1-1_S89_R1_001.fastq.gz
Approx 5% complete for None-QS11-1-1_S89_R1_001.fastq.gz
Approx 10% complete for None-QS11-1-1_S89_R1_001.fastq.gz
Approx 15% complete for None-QS11-1-1_S89_R1_001.fastq.gz
Approx 20% complete for None-QS11-1-1_S89_R1_001.fastq.gz
Approx 25% complete for None-QS11-1-1_S89_R1_001.fastq.gz
Approx 30% complete for None-QS11-1-1_S89_R1_001.fastq.gz
Approx 35% complete for None-QS11-1-1_S89_R1_001.fastq.gz
Approx 40% complete for None-QS11-1-1_S89_R1_001.fastq.gz
Approx 45% complete for None-QS11-1-1_S89_R1_001.fastq.gz
Approx 50% complete for None-QS11-1-1_S89_R1_001.fastq.gz
Approx 55% complete for None-QS11-1-1_S89_R1_001.fastq.gz
Approx 60% complete for None-QS11-1-1_S89_R1_001.fastq.gz
Approx 65% complete for None-QS11-1-1_S89_R1_001.fastq.gz
Approx 70% complete for None-QS11-1-1_S89_R1_001.fastq.gz
Approx 75% complete for None-QS11-1-1_S89_R1_001.fastq.gz
Approx 80% complete for None-QS11-1-1_S89_R1_001.fastq.gz
Approx 85% complete for None-QS11-1-1_S89_R1_001.fastq.gz
Approx 90% complete for None-QS11-1-1_S89_R1_001.fastq.gz
Approx 95% complete for None-QS11-1-1_S89_R1_001.fastq.gz
Analysis complete for None-QS11-1-1_S89_R1_001.fastq.gz
Picked up JAVA_TOOL_OPTIONS: -Xmx4944245555
application/gzip
Started analysis of None-QS11-1-1_S89_R2_001.fastq.gz
Approx 5% complete for None-QS11-1-1_S89_R2_001.fastq.gz
Approx 10% complete for None-QS11-1-1_S89_R2_001.fastq.gz
Approx 15% complete for None-QS11-1-1_S89_R2_001.fastq.gz
Approx 20% complete for None-QS11-1-1_S89_R2_001.fastq.gz
Approx 25% complete for None-QS11-1-1_S89_R2_001.fastq.gz
Approx 30% complete for None-QS11-1-1_S89_R2_001.fastq.gz
Approx 35% complete for None-QS11-1-1_S89_R2_001.fastq.gz
Approx 40% complete for None-QS11-1-1_S89_R2_001.fastq.gz
Approx 45% complete for None-QS11-1-1_S89_R2_001.fastq.gz
Approx 50% complete for None-QS11-1-1_S89_R2_001.fastq.gz
Approx 55% complete for None-QS11-1-1_S89_R2_001.fastq.gz
Approx 60% complete for None-QS11-1-1_S89_R2_001.fastq.gz
Approx 65% complete for None-QS11-1-1_S89_R2_001.fastq.gz
Approx 70% complete for None-QS11-1-1_S89_R2_001.fastq.gz
Approx 75% complete for None-QS11-1-1_S89_R2_001.fastq.gz
Approx 80% complete for None-QS11-1-1_S89_R2_001.fastq.gz
Approx 85% complete for None-QS11-1-1_S89_R2_001.fastq.gz
Approx 90% complete for None-QS11-1-1_S89_R2_001.fastq.gz
Approx 95% complete for None-QS11-1-1_S89_R2_001.fastq.gz
Analysis complete for None-QS11-1-1_S89_R2_001.fastq.gz
Picked up JAVA_TOOL_OPTIONS: -Xmx4944245555
application/gzip
Started analysis of None-QS11-1-20_S108_R1_001.fastq.gz
Approx 5% complete for None-QS11-1-20_S108_R1_001.fastq.gz
Approx 10% complete for None-QS11-1-20_S108_R1_001.fastq.gz
Approx 15% complete for None-QS11-1-20_S108_R1_001.fastq.gz
Approx 20% complete for None-QS11-1-20_S108_R1_001.fastq.gz
Approx 25% complete for None-QS11-1-20_S108_R1_001.fastq.gz
Approx 30% complete for None-QS11-1-20_S108_R1_001.fastq.gz
Approx 35% complete for None-QS11-1-20_S108_R1_001.fastq.gz
Approx 40% complete for None-QS11-1-20_S108_R1_001.fastq.gz
Approx 45% complete for None-QS11-1-20_S108_R1_001.fastq.gz
Approx 50% complete for None-QS11-1-20_S108_R1_001.fastq.gz
Approx 55% complete for None-QS11-1-20_S108_R1_001.fastq.gz
Approx 60% complete for None-QS11-1-20_S108_R1_001.fastq.gz
Approx 65% complete for None-QS11-1-20_S108_R1_001.fastq.gz
Approx 70% complete for None-QS11-1-20_S108_R1_001.fastq.gz
Approx 75% complete for None-QS11-1-20_S108_R1_001.fastq.gz
Approx 80% complete for None-QS11-1-20_S108_R1_001.fastq.gz
Approx 85% complete for None-QS11-1-20_S108_R1_001.fastq.gz
Approx 90% complete for None-QS11-1-20_S108_R1_001.fastq.gz
Approx 95% complete for None-QS11-1-20_S108_R1_001.fastq.gz
Analysis complete for None-QS11-1-20_S108_R1_001.fastq.gz
Picked up JAVA_TOOL_OPTIONS: -Xmx4944245555
application/gzip
Started analysis of None-QS11-1-20_S108_R2_001.fastq.gz
Approx 5% complete for None-QS11-1-20_S108_R2_001.fastq.gz
Approx 10% complete for None-QS11-1-20_S108_R2_001.fastq.gz
Approx 15% complete for None-QS11-1-20_S108_R2_001.fastq.gz
Approx 20% complete for None-QS11-1-20_S108_R2_001.fastq.gz
Approx 25% complete for None-QS11-1-20_S108_R2_001.fastq.gz
Approx 30% complete for None-QS11-1-20_S108_R2_001.fastq.gz
Approx 35% complete for None-QS11-1-20_S108_R2_001.fastq.gz
Approx 40% complete for None-QS11-1-20_S108_R2_001.fastq.gz
Approx 45% complete for None-QS11-1-20_S108_R2_001.fastq.gz
Approx 50% complete for None-QS11-1-20_S108_R2_001.fastq.gz
Approx 55% complete for None-QS11-1-20_S108_R2_001.fastq.gz
Approx 60% complete for None-QS11-1-20_S108_R2_001.fastq.gz
Approx 65% complete for None-QS11-1-20_S108_R2_001.fastq.gz
Approx 70% complete for None-QS11-1-20_S108_R2_001.fastq.gz
Approx 75% complete for None-QS11-1-20_S108_R2_001.fastq.gz
Approx 80% complete for None-QS11-1-20_S108_R2_001.fastq.gz
Approx 85% complete for None-QS11-1-20_S108_R2_001.fastq.gz
Approx 90% complete for None-QS11-1-20_S108_R2_001.fastq.gz
Approx 95% complete for None-QS11-1-20_S108_R2_001.fastq.gz
Analysis complete for None-QS11-1-20_S108_R2_001.fastq.gz
Picked up JAVA_TOOL_OPTIONS: -Xmx4944245555
application/gzip
Started analysis of None-QS11-1-21_S109_R1_001.fastq.gz
Approx 5% complete for None-QS11-1-21_S109_R1_001.fastq.gz
Approx 10% complete for None-QS11-1-21_S109_R1_001.fastq.gz
Approx 15% complete for None-QS11-1-21_S109_R1_001.fastq.gz
Approx 20% complete for None-QS11-1-21_S109_R1_001.fastq.gz
Approx 25% complete for None-QS11-1-21_S109_R1_001.fastq.gz
Approx 30% complete for None-QS11-1-21_S109_R1_001.fastq.gz
Approx 35% complete for None-QS11-1-21_S109_R1_001.fastq.gz
Approx 40% complete for None-QS11-1-21_S109_R1_001.fastq.gz
Approx 45% complete for None-QS11-1-21_S109_R1_001.fastq.gz
Approx 50% complete for None-QS11-1-21_S109_R1_001.fastq.gz
Approx 55% complete for None-QS11-1-21_S109_R1_001.fastq.gz
Approx 60% complete for None-QS11-1-21_S109_R1_001.fastq.gz
Approx 65% complete for None-QS11-1-21_S109_R1_001.fastq.gz
Approx 70% complete for None-QS11-1-21_S109_R1_001.fastq.gz
Approx 75% complete for None-QS11-1-21_S109_R1_001.fastq.gz
Approx 80% complete for None-QS11-1-21_S109_R1_001.fastq.gz
Approx 85% complete for None-QS11-1-21_S109_R1_001.fastq.gz
Approx 90% complete for None-QS11-1-21_S109_R1_001.fastq.gz
Approx 95% complete for None-QS11-1-21_S109_R1_001.fastq.gz
Analysis complete for None-QS11-1-21_S109_R1_001.fastq.gz
Picked up JAVA_TOOL_OPTIONS: -Xmx4944245555
application/gzip
Started analysis of None-QS11-1-21_S109_R2_001.fastq.gz
Approx 5% complete for None-QS11-1-21_S109_R2_001.fastq.gz
Approx 10% complete for None-QS11-1-21_S109_R2_001.fastq.gz
Approx 15% complete for None-QS11-1-21_S109_R2_001.fastq.gz
Approx 20% complete for None-QS11-1-21_S109_R2_001.fastq.gz
Approx 25% complete for None-QS11-1-21_S109_R2_001.fastq.gz
Approx 30% complete for None-QS11-1-21_S109_R2_001.fastq.gz
Approx 35% complete for None-QS11-1-21_S109_R2_001.fastq.gz
Approx 40% complete for None-QS11-1-21_S109_R2_001.fastq.gz
Approx 45% complete for None-QS11-1-21_S109_R2_001.fastq.gz
Approx 50% complete for None-QS11-1-21_S109_R2_001.fastq.gz
Approx 55% complete for None-QS11-1-21_S109_R2_001.fastq.gz
Approx 60% complete for None-QS11-1-21_S109_R2_001.fastq.gz
Approx 65% complete for None-QS11-1-21_S109_R2_001.fastq.gz
Approx 70% complete for None-QS11-1-21_S109_R2_001.fastq.gz
Approx 75% complete for None-QS11-1-21_S109_R2_001.fastq.gz
Approx 80% complete for None-QS11-1-21_S109_R2_001.fastq.gz
Approx 85% complete for None-QS11-1-21_S109_R2_001.fastq.gz
Approx 90% complete for None-QS11-1-21_S109_R2_001.fastq.gz
Approx 95% complete for None-QS11-1-21_S109_R2_001.fastq.gz
Analysis complete for None-QS11-1-21_S109_R2_001.fastq.gz
Picked up JAVA_TOOL_OPTIONS: -Xmx4944245555
application/gzip
Started analysis of None-QS11-1-22_S110_R1_001.fastq.gz
Approx 5% complete for None-QS11-1-22_S110_R1_001.fastq.gz
Approx 10% complete for None-QS11-1-22_S110_R1_001.fastq.gz
Approx 15% complete for None-QS11-1-22_S110_R1_001.fastq.gz
Approx 20% complete for None-QS11-1-22_S110_R1_001.fastq.gz
Approx 25% complete for None-QS11-1-22_S110_R1_001.fastq.gz
Approx 30% complete for None-QS11-1-22_S110_R1_001.fastq.gz
Approx 35% complete for None-QS11-1-22_S110_R1_001.fastq.gz
Approx 40% complete for None-QS11-1-22_S110_R1_001.fastq.gz
Approx 45% complete for None-QS11-1-22_S110_R1_001.fastq.gz
Approx 50% complete for None-QS11-1-22_S110_R1_001.fastq.gz
Approx 55% complete for None-QS11-1-22_S110_R1_001.fastq.gz
Approx 60% complete for None-QS11-1-22_S110_R1_001.fastq.gz
Approx 65% complete for None-QS11-1-22_S110_R1_001.fastq.gz
Approx 70% complete for None-QS11-1-22_S110_R1_001.fastq.gz
Approx 75% complete for None-QS11-1-22_S110_R1_001.fastq.gz
Approx 80% complete for None-QS11-1-22_S110_R1_001.fastq.gz
Approx 85% complete for None-QS11-1-22_S110_R1_001.fastq.gz
Approx 90% complete for None-QS11-1-22_S110_R1_001.fastq.gz
Approx 95% complete for None-QS11-1-22_S110_R1_001.fastq.gz
Analysis complete for None-QS11-1-22_S110_R1_001.fastq.gz
Picked up JAVA_TOOL_OPTIONS: -Xmx4944245555
application/gzip
Started analysis of None-QS11-1-22_S110_R2_001.fastq.gz
Approx 5% complete for None-QS11-1-22_S110_R2_001.fastq.gz
Approx 10% complete for None-QS11-1-22_S110_R2_001.fastq.gz
Approx 15% complete for None-QS11-1-22_S110_R2_001.fastq.gz
Approx 20% complete for None-QS11-1-22_S110_R2_001.fastq.gz
Approx 25% complete for None-QS11-1-22_S110_R2_001.fastq.gz
Approx 30% complete for None-QS11-1-22_S110_R2_001.fastq.gz
Approx 35% complete for None-QS11-1-22_S110_R2_001.fastq.gz
Approx 40% complete for None-QS11-1-22_S110_R2_001.fastq.gz
Approx 45% complete for None-QS11-1-22_S110_R2_001.fastq.gz
Approx 50% complete for None-QS11-1-22_S110_R2_001.fastq.gz
Approx 55% complete for None-QS11-1-22_S110_R2_001.fastq.gz
Approx 60% complete for None-QS11-1-22_S110_R2_001.fastq.gz
Approx 65% complete for None-QS11-1-22_S110_R2_001.fastq.gz
Approx 70% complete for None-QS11-1-22_S110_R2_001.fastq.gz
Approx 75% complete for None-QS11-1-22_S110_R2_001.fastq.gz
Approx 80% complete for None-QS11-1-22_S110_R2_001.fastq.gz
Approx 85% complete for None-QS11-1-22_S110_R2_001.fastq.gz
Approx 90% complete for None-QS11-1-22_S110_R2_001.fastq.gz
Approx 95% complete for None-QS11-1-22_S110_R2_001.fastq.gz
Analysis complete for None-QS11-1-22_S110_R2_001.fastq.gz
Picked up JAVA_TOOL_OPTIONS: -Xmx4944245555
application/gzip
Started analysis of None-QS11-1-23_S111_R1_001.fastq.gz
Approx 5% complete for None-QS11-1-23_S111_R1_001.fastq.gz
Approx 10% complete for None-QS11-1-23_S111_R1_001.fastq.gz
Approx 15% complete for None-QS11-1-23_S111_R1_001.fastq.gz
Approx 20% complete for None-QS11-1-23_S111_R1_001.fastq.gz
Approx 25% complete for None-QS11-1-23_S111_R1_001.fastq.gz
Approx 30% complete for None-QS11-1-23_S111_R1_001.fastq.gz
Approx 35% complete for None-QS11-1-23_S111_R1_001.fastq.gz
Approx 40% complete for None-QS11-1-23_S111_R1_001.fastq.gz
Approx 45% complete for None-QS11-1-23_S111_R1_001.fastq.gz
Approx 50% complete for None-QS11-1-23_S111_R1_001.fastq.gz
Approx 55% complete for None-QS11-1-23_S111_R1_001.fastq.gz
Approx 60% complete for None-QS11-1-23_S111_R1_001.fastq.gz
Approx 65% complete for None-QS11-1-23_S111_R1_001.fastq.gz
Approx 70% complete for None-QS11-1-23_S111_R1_001.fastq.gz
Approx 75% complete for None-QS11-1-23_S111_R1_001.fastq.gz
Approx 80% complete for None-QS11-1-23_S111_R1_001.fastq.gz
Approx 85% complete for None-QS11-1-23_S111_R1_001.fastq.gz
Approx 90% complete for None-QS11-1-23_S111_R1_001.fastq.gz
Approx 95% complete for None-QS11-1-23_S111_R1_001.fastq.gz
Analysis complete for None-QS11-1-23_S111_R1_001.fastq.gz
Picked up JAVA_TOOL_OPTIONS: -Xmx4944245555
application/gzip
Started analysis of None-QS11-1-23_S111_R2_001.fastq.gz
Approx 5% complete for None-QS11-1-23_S111_R2_001.fastq.gz
Approx 10% complete for None-QS11-1-23_S111_R2_001.fastq.gz
Approx 15% complete for None-QS11-1-23_S111_R2_001.fastq.gz
Approx 20% complete for None-QS11-1-23_S111_R2_001.fastq.gz
Approx 25% complete for None-QS11-1-23_S111_R2_001.fastq.gz
Approx 30% complete for None-QS11-1-23_S111_R2_001.fastq.gz
Approx 35% complete for None-QS11-1-23_S111_R2_001.fastq.gz
Approx 40% complete for None-QS11-1-23_S111_R2_001.fastq.gz
Approx 45% complete for None-QS11-1-23_S111_R2_001.fastq.gz
Approx 50% complete for None-QS11-1-23_S111_R2_001.fastq.gz
Approx 55% complete for None-QS11-1-23_S111_R2_001.fastq.gz
Approx 60% complete for None-QS11-1-23_S111_R2_001.fastq.gz
Approx 65% complete for None-QS11-1-23_S111_R2_001.fastq.gz
Approx 70% complete for None-QS11-1-23_S111_R2_001.fastq.gz
Approx 75% complete for None-QS11-1-23_S111_R2_001.fastq.gz
Approx 80% complete for None-QS11-1-23_S111_R2_001.fastq.gz
Approx 85% complete for None-QS11-1-23_S111_R2_001.fastq.gz
Approx 90% complete for None-QS11-1-23_S111_R2_001.fastq.gz
Approx 95% complete for None-QS11-1-23_S111_R2_001.fastq.gz
Analysis complete for None-QS11-1-23_S111_R2_001.fastq.gz
Picked up JAVA_TOOL_OPTIONS: -Xmx4944245555
application/gzip
Started analysis of None-QS11-1-2_S90_R1_001.fastq.gz
Approx 5% complete for None-QS11-1-2_S90_R1_001.fastq.gz
Approx 10% complete for None-QS11-1-2_S90_R1_001.fastq.gz
Approx 15% complete for None-QS11-1-2_S90_R1_001.fastq.gz
Approx 20% complete for None-QS11-1-2_S90_R1_001.fastq.gz
Approx 25% complete for None-QS11-1-2_S90_R1_001.fastq.gz
Approx 30% complete for None-QS11-1-2_S90_R1_001.fastq.gz
Approx 35% complete for None-QS11-1-2_S90_R1_001.fastq.gz
Approx 40% complete for None-QS11-1-2_S90_R1_001.fastq.gz
Approx 45% complete for None-QS11-1-2_S90_R1_001.fastq.gz
Approx 50% complete for None-QS11-1-2_S90_R1_001.fastq.gz
Approx 55% complete for None-QS11-1-2_S90_R1_001.fastq.gz
Approx 60% complete for None-QS11-1-2_S90_R1_001.fastq.gz
Approx 65% complete for None-QS11-1-2_S90_R1_001.fastq.gz
Approx 70% complete for None-QS11-1-2_S90_R1_001.fastq.gz
Approx 75% complete for None-QS11-1-2_S90_R1_001.fastq.gz
Approx 80% complete for None-QS11-1-2_S90_R1_001.fastq.gz
Approx 85% complete for None-QS11-1-2_S90_R1_001.fastq.gz
Approx 90% complete for None-QS11-1-2_S90_R1_001.fastq.gz
Approx 95% complete for None-QS11-1-2_S90_R1_001.fastq.gz
Analysis complete for None-QS11-1-2_S90_R1_001.fastq.gz
Picked up JAVA_TOOL_OPTIONS: -Xmx4944245555
application/gzip
Started analysis of None-QS11-1-2_S90_R2_001.fastq.gz
Approx 5% complete for None-QS11-1-2_S90_R2_001.fastq.gz
Approx 10% complete for None-QS11-1-2_S90_R2_001.fastq.gz
Approx 15% complete for None-QS11-1-2_S90_R2_001.fastq.gz
Approx 20% complete for None-QS11-1-2_S90_R2_001.fastq.gz
Approx 25% complete for None-QS11-1-2_S90_R2_001.fastq.gz
Approx 30% complete for None-QS11-1-2_S90_R2_001.fastq.gz
Approx 35% complete for None-QS11-1-2_S90_R2_001.fastq.gz
Approx 40% complete for None-QS11-1-2_S90_R2_001.fastq.gz
Approx 45% complete for None-QS11-1-2_S90_R2_001.fastq.gz
Approx 50% complete for None-QS11-1-2_S90_R2_001.fastq.gz
Approx 55% complete for None-QS11-1-2_S90_R2_001.fastq.gz
Approx 60% complete for None-QS11-1-2_S90_R2_001.fastq.gz
Approx 65% complete for None-QS11-1-2_S90_R2_001.fastq.gz
Approx 70% complete for None-QS11-1-2_S90_R2_001.fastq.gz
Approx 75% complete for None-QS11-1-2_S90_R2_001.fastq.gz
Approx 80% complete for None-QS11-1-2_S90_R2_001.fastq.gz
Approx 85% complete for None-QS11-1-2_S90_R2_001.fastq.gz
Approx 90% complete for None-QS11-1-2_S90_R2_001.fastq.gz
Approx 95% complete for None-QS11-1-2_S90_R2_001.fastq.gz
Analysis complete for None-QS11-1-2_S90_R2_001.fastq.gz
Picked up JAVA_TOOL_OPTIONS: -Xmx4944245555
application/gzip
Started analysis of None-QS11-1-3_S91_R1_001.fastq.gz
Approx 5% complete for None-QS11-1-3_S91_R1_001.fastq.gz
Approx 10% complete for None-QS11-1-3_S91_R1_001.fastq.gz
Approx 15% complete for None-QS11-1-3_S91_R1_001.fastq.gz
Approx 20% complete for None-QS11-1-3_S91_R1_001.fastq.gz
Approx 25% complete for None-QS11-1-3_S91_R1_001.fastq.gz
Approx 30% complete for None-QS11-1-3_S91_R1_001.fastq.gz
Approx 35% complete for None-QS11-1-3_S91_R1_001.fastq.gz
Approx 40% complete for None-QS11-1-3_S91_R1_001.fastq.gz
Approx 45% complete for None-QS11-1-3_S91_R1_001.fastq.gz
Approx 50% complete for None-QS11-1-3_S91_R1_001.fastq.gz
Approx 55% complete for None-QS11-1-3_S91_R1_001.fastq.gz
Approx 60% complete for None-QS11-1-3_S91_R1_001.fastq.gz
Approx 65% complete for None-QS11-1-3_S91_R1_001.fastq.gz
Approx 70% complete for None-QS11-1-3_S91_R1_001.fastq.gz
Approx 75% complete for None-QS11-1-3_S91_R1_001.fastq.gz
Approx 80% complete for None-QS11-1-3_S91_R1_001.fastq.gz
Approx 85% complete for None-QS11-1-3_S91_R1_001.fastq.gz
Approx 90% complete for None-QS11-1-3_S91_R1_001.fastq.gz
Approx 95% complete for None-QS11-1-3_S91_R1_001.fastq.gz
Analysis complete for None-QS11-1-3_S91_R1_001.fastq.gz
Picked up JAVA_TOOL_OPTIONS: -Xmx4944245555
application/gzip
Started analysis of None-QS11-1-3_S91_R2_001.fastq.gz
Approx 5% complete for None-QS11-1-3_S91_R2_001.fastq.gz
Approx 10% complete for None-QS11-1-3_S91_R2_001.fastq.gz
Approx 15% complete for None-QS11-1-3_S91_R2_001.fastq.gz
Approx 20% complete for None-QS11-1-3_S91_R2_001.fastq.gz
Approx 25% complete for None-QS11-1-3_S91_R2_001.fastq.gz
Approx 30% complete for None-QS11-1-3_S91_R2_001.fastq.gz
Approx 35% complete for None-QS11-1-3_S91_R2_001.fastq.gz
Approx 40% complete for None-QS11-1-3_S91_R2_001.fastq.gz
Approx 45% complete for None-QS11-1-3_S91_R2_001.fastq.gz
Approx 50% complete for None-QS11-1-3_S91_R2_001.fastq.gz
Approx 55% complete for None-QS11-1-3_S91_R2_001.fastq.gz
Approx 60% complete for None-QS11-1-3_S91_R2_001.fastq.gz
Approx 65% complete for None-QS11-1-3_S91_R2_001.fastq.gz
Approx 70% complete for None-QS11-1-3_S91_R2_001.fastq.gz
Approx 75% complete for None-QS11-1-3_S91_R2_001.fastq.gz
Approx 80% complete for None-QS11-1-3_S91_R2_001.fastq.gz
Approx 85% complete for None-QS11-1-3_S91_R2_001.fastq.gz
Approx 90% complete for None-QS11-1-3_S91_R2_001.fastq.gz
Approx 95% complete for None-QS11-1-3_S91_R2_001.fastq.gz
Analysis complete for None-QS11-1-3_S91_R2_001.fastq.gz
Picked up JAVA_TOOL_OPTIONS: -Xmx4944245555
application/gzip
Started analysis of None-QS11-1-4_S92_R1_001.fastq.gz
Approx 5% complete for None-QS11-1-4_S92_R1_001.fastq.gz
Approx 10% complete for None-QS11-1-4_S92_R1_001.fastq.gz
Approx 15% complete for None-QS11-1-4_S92_R1_001.fastq.gz
Approx 20% complete for None-QS11-1-4_S92_R1_001.fastq.gz
Approx 25% complete for None-QS11-1-4_S92_R1_001.fastq.gz
Approx 30% complete for None-QS11-1-4_S92_R1_001.fastq.gz
Approx 35% complete for None-QS11-1-4_S92_R1_001.fastq.gz
Approx 40% complete for None-QS11-1-4_S92_R1_001.fastq.gz
Approx 45% complete for None-QS11-1-4_S92_R1_001.fastq.gz
Approx 50% complete for None-QS11-1-4_S92_R1_001.fastq.gz
Approx 55% complete for None-QS11-1-4_S92_R1_001.fastq.gz
Approx 60% complete for None-QS11-1-4_S92_R1_001.fastq.gz
Approx 65% complete for None-QS11-1-4_S92_R1_001.fastq.gz
Approx 70% complete for None-QS11-1-4_S92_R1_001.fastq.gz
Approx 75% complete for None-QS11-1-4_S92_R1_001.fastq.gz
Approx 80% complete for None-QS11-1-4_S92_R1_001.fastq.gz
Approx 85% complete for None-QS11-1-4_S92_R1_001.fastq.gz
Approx 90% complete for None-QS11-1-4_S92_R1_001.fastq.gz
Approx 95% complete for None-QS11-1-4_S92_R1_001.fastq.gz
Analysis complete for None-QS11-1-4_S92_R1_001.fastq.gz
Picked up JAVA_TOOL_OPTIONS: -Xmx4944245555
application/gzip
Started analysis of None-QS11-1-4_S92_R2_001.fastq.gz
Approx 5% complete for None-QS11-1-4_S92_R2_001.fastq.gz
Approx 10% complete for None-QS11-1-4_S92_R2_001.fastq.gz
Approx 15% complete for None-QS11-1-4_S92_R2_001.fastq.gz
Approx 20% complete for None-QS11-1-4_S92_R2_001.fastq.gz
Approx 25% complete for None-QS11-1-4_S92_R2_001.fastq.gz
Approx 30% complete for None-QS11-1-4_S92_R2_001.fastq.gz
Approx 35% complete for None-QS11-1-4_S92_R2_001.fastq.gz
Approx 40% complete for None-QS11-1-4_S92_R2_001.fastq.gz
Approx 45% complete for None-QS11-1-4_S92_R2_001.fastq.gz
Approx 50% complete for None-QS11-1-4_S92_R2_001.fastq.gz
Approx 55% complete for None-QS11-1-4_S92_R2_001.fastq.gz
Approx 60% complete for None-QS11-1-4_S92_R2_001.fastq.gz
Approx 65% complete for None-QS11-1-4_S92_R2_001.fastq.gz
Approx 70% complete for None-QS11-1-4_S92_R2_001.fastq.gz
Approx 75% complete for None-QS11-1-4_S92_R2_001.fastq.gz
Approx 80% complete for None-QS11-1-4_S92_R2_001.fastq.gz
Approx 85% complete for None-QS11-1-4_S92_R2_001.fastq.gz
Approx 90% complete for None-QS11-1-4_S92_R2_001.fastq.gz
Approx 95% complete for None-QS11-1-4_S92_R2_001.fastq.gz
Analysis complete for None-QS11-1-4_S92_R2_001.fastq.gz
Picked up JAVA_TOOL_OPTIONS: -Xmx4944245555
application/gzip
Started analysis of None-QS11-1-5_S93_R1_001.fastq.gz
Approx 5% complete for None-QS11-1-5_S93_R1_001.fastq.gz
Approx 10% complete for None-QS11-1-5_S93_R1_001.fastq.gz
Approx 15% complete for None-QS11-1-5_S93_R1_001.fastq.gz
Approx 20% complete for None-QS11-1-5_S93_R1_001.fastq.gz
Approx 25% complete for None-QS11-1-5_S93_R1_001.fastq.gz
Approx 30% complete for None-QS11-1-5_S93_R1_001.fastq.gz
Approx 35% complete for None-QS11-1-5_S93_R1_001.fastq.gz
Approx 40% complete for None-QS11-1-5_S93_R1_001.fastq.gz
Approx 45% complete for None-QS11-1-5_S93_R1_001.fastq.gz
Approx 50% complete for None-QS11-1-5_S93_R1_001.fastq.gz
Approx 55% complete for None-QS11-1-5_S93_R1_001.fastq.gz
Approx 60% complete for None-QS11-1-5_S93_R1_001.fastq.gz
Approx 65% complete for None-QS11-1-5_S93_R1_001.fastq.gz
Approx 70% complete for None-QS11-1-5_S93_R1_001.fastq.gz
Approx 75% complete for None-QS11-1-5_S93_R1_001.fastq.gz
Approx 80% complete for None-QS11-1-5_S93_R1_001.fastq.gz
Approx 85% complete for None-QS11-1-5_S93_R1_001.fastq.gz
Approx 90% complete for None-QS11-1-5_S93_R1_001.fastq.gz
Approx 95% complete for None-QS11-1-5_S93_R1_001.fastq.gz
Analysis complete for None-QS11-1-5_S93_R1_001.fastq.gz
Picked up JAVA_TOOL_OPTIONS: -Xmx4944245555
application/gzip
Started analysis of None-QS11-1-5_S93_R2_001.fastq.gz
Approx 5% complete for None-QS11-1-5_S93_R2_001.fastq.gz
Approx 10% complete for None-QS11-1-5_S93_R2_001.fastq.gz
Approx 15% complete for None-QS11-1-5_S93_R2_001.fastq.gz
Approx 20% complete for None-QS11-1-5_S93_R2_001.fastq.gz
Approx 25% complete for None-QS11-1-5_S93_R2_001.fastq.gz
Approx 30% complete for None-QS11-1-5_S93_R2_001.fastq.gz
Approx 35% complete for None-QS11-1-5_S93_R2_001.fastq.gz
Approx 40% complete for None-QS11-1-5_S93_R2_001.fastq.gz
Approx 45% complete for None-QS11-1-5_S93_R2_001.fastq.gz
Approx 50% complete for None-QS11-1-5_S93_R2_001.fastq.gz
Approx 55% complete for None-QS11-1-5_S93_R2_001.fastq.gz
Approx 60% complete for None-QS11-1-5_S93_R2_001.fastq.gz
Approx 65% complete for None-QS11-1-5_S93_R2_001.fastq.gz
Approx 70% complete for None-QS11-1-5_S93_R2_001.fastq.gz
Approx 75% complete for None-QS11-1-5_S93_R2_001.fastq.gz
Approx 80% complete for None-QS11-1-5_S93_R2_001.fastq.gz
Approx 85% complete for None-QS11-1-5_S93_R2_001.fastq.gz
Approx 90% complete for None-QS11-1-5_S93_R2_001.fastq.gz
Approx 95% complete for None-QS11-1-5_S93_R2_001.fastq.gz
Analysis complete for None-QS11-1-5_S93_R2_001.fastq.gz
Picked up JAVA_TOOL_OPTIONS: -Xmx4944245555
application/gzip
Started analysis of None-QS11-1-6_S94_R1_001.fastq.gz
Approx 5% complete for None-QS11-1-6_S94_R1_001.fastq.gz
Approx 10% complete for None-QS11-1-6_S94_R1_001.fastq.gz
Approx 15% complete for None-QS11-1-6_S94_R1_001.fastq.gz
Approx 20% complete for None-QS11-1-6_S94_R1_001.fastq.gz
Approx 25% complete for None-QS11-1-6_S94_R1_001.fastq.gz
Approx 30% complete for None-QS11-1-6_S94_R1_001.fastq.gz
Approx 35% complete for None-QS11-1-6_S94_R1_001.fastq.gz
Approx 40% complete for None-QS11-1-6_S94_R1_001.fastq.gz
Approx 45% complete for None-QS11-1-6_S94_R1_001.fastq.gz
Approx 50% complete for None-QS11-1-6_S94_R1_001.fastq.gz
Approx 55% complete for None-QS11-1-6_S94_R1_001.fastq.gz
Approx 60% complete for None-QS11-1-6_S94_R1_001.fastq.gz
Approx 65% complete for None-QS11-1-6_S94_R1_001.fastq.gz
Approx 70% complete for None-QS11-1-6_S94_R1_001.fastq.gz
Approx 75% complete for None-QS11-1-6_S94_R1_001.fastq.gz
Approx 80% complete for None-QS11-1-6_S94_R1_001.fastq.gz
Approx 85% complete for None-QS11-1-6_S94_R1_001.fastq.gz
Approx 90% complete for None-QS11-1-6_S94_R1_001.fastq.gz
Approx 95% complete for None-QS11-1-6_S94_R1_001.fastq.gz
Analysis complete for None-QS11-1-6_S94_R1_001.fastq.gz
Picked up JAVA_TOOL_OPTIONS: -Xmx4944245555
application/gzip
Started analysis of None-QS11-1-6_S94_R2_001.fastq.gz
Approx 5% complete for None-QS11-1-6_S94_R2_001.fastq.gz
Approx 10% complete for None-QS11-1-6_S94_R2_001.fastq.gz
Approx 15% complete for None-QS11-1-6_S94_R2_001.fastq.gz
Approx 20% complete for None-QS11-1-6_S94_R2_001.fastq.gz
Approx 25% complete for None-QS11-1-6_S94_R2_001.fastq.gz
Approx 30% complete for None-QS11-1-6_S94_R2_001.fastq.gz
Approx 35% complete for None-QS11-1-6_S94_R2_001.fastq.gz
Approx 40% complete for None-QS11-1-6_S94_R2_001.fastq.gz
Approx 45% complete for None-QS11-1-6_S94_R2_001.fastq.gz
Approx 50% complete for None-QS11-1-6_S94_R2_001.fastq.gz
Approx 55% complete for None-QS11-1-6_S94_R2_001.fastq.gz
Approx 60% complete for None-QS11-1-6_S94_R2_001.fastq.gz
Approx 65% complete for None-QS11-1-6_S94_R2_001.fastq.gz
Approx 70% complete for None-QS11-1-6_S94_R2_001.fastq.gz
Approx 75% complete for None-QS11-1-6_S94_R2_001.fastq.gz
Approx 80% complete for None-QS11-1-6_S94_R2_001.fastq.gz
Approx 85% complete for None-QS11-1-6_S94_R2_001.fastq.gz
Approx 90% complete for None-QS11-1-6_S94_R2_001.fastq.gz
Approx 95% complete for None-QS11-1-6_S94_R2_001.fastq.gz
Analysis complete for None-QS11-1-6_S94_R2_001.fastq.gz
Picked up JAVA_TOOL_OPTIONS: -Xmx4944245555
application/gzip
Started analysis of None-QS11-1-7_S95_R1_001.fastq.gz
Approx 5% complete for None-QS11-1-7_S95_R1_001.fastq.gz
Approx 10% complete for None-QS11-1-7_S95_R1_001.fastq.gz
Approx 15% complete for None-QS11-1-7_S95_R1_001.fastq.gz
Approx 20% complete for None-QS11-1-7_S95_R1_001.fastq.gz
Approx 25% complete for None-QS11-1-7_S95_R1_001.fastq.gz
Approx 30% complete for None-QS11-1-7_S95_R1_001.fastq.gz
Approx 35% complete for None-QS11-1-7_S95_R1_001.fastq.gz
Approx 40% complete for None-QS11-1-7_S95_R1_001.fastq.gz
Approx 45% complete for None-QS11-1-7_S95_R1_001.fastq.gz
Approx 50% complete for None-QS11-1-7_S95_R1_001.fastq.gz
Approx 55% complete for None-QS11-1-7_S95_R1_001.fastq.gz
Approx 60% complete for None-QS11-1-7_S95_R1_001.fastq.gz
Approx 65% complete for None-QS11-1-7_S95_R1_001.fastq.gz
Approx 70% complete for None-QS11-1-7_S95_R1_001.fastq.gz
Approx 75% complete for None-QS11-1-7_S95_R1_001.fastq.gz
Approx 80% complete for None-QS11-1-7_S95_R1_001.fastq.gz
Approx 85% complete for None-QS11-1-7_S95_R1_001.fastq.gz
Approx 90% complete for None-QS11-1-7_S95_R1_001.fastq.gz
Approx 95% complete for None-QS11-1-7_S95_R1_001.fastq.gz
Analysis complete for None-QS11-1-7_S95_R1_001.fastq.gz
Picked up JAVA_TOOL_OPTIONS: -Xmx4944245555
application/gzip
Started analysis of None-QS11-1-7_S95_R2_001.fastq.gz
Approx 5% complete for None-QS11-1-7_S95_R2_001.fastq.gz
Approx 10% complete for None-QS11-1-7_S95_R2_001.fastq.gz
Approx 15% complete for None-QS11-1-7_S95_R2_001.fastq.gz
Approx 20% complete for None-QS11-1-7_S95_R2_001.fastq.gz
Approx 25% complete for None-QS11-1-7_S95_R2_001.fastq.gz
Approx 30% complete for None-QS11-1-7_S95_R2_001.fastq.gz
Approx 35% complete for None-QS11-1-7_S95_R2_001.fastq.gz
Approx 40% complete for None-QS11-1-7_S95_R2_001.fastq.gz
Approx 45% complete for None-QS11-1-7_S95_R2_001.fastq.gz
Approx 50% complete for None-QS11-1-7_S95_R2_001.fastq.gz
Approx 55% complete for None-QS11-1-7_S95_R2_001.fastq.gz
Approx 60% complete for None-QS11-1-7_S95_R2_001.fastq.gz
Approx 65% complete for None-QS11-1-7_S95_R2_001.fastq.gz
Approx 70% complete for None-QS11-1-7_S95_R2_001.fastq.gz
Approx 75% complete for None-QS11-1-7_S95_R2_001.fastq.gz
Approx 80% complete for None-QS11-1-7_S95_R2_001.fastq.gz
Approx 85% complete for None-QS11-1-7_S95_R2_001.fastq.gz
Approx 90% complete for None-QS11-1-7_S95_R2_001.fastq.gz
Approx 95% complete for None-QS11-1-7_S95_R2_001.fastq.gz
Analysis complete for None-QS11-1-7_S95_R2_001.fastq.gz
Picked up JAVA_TOOL_OPTIONS: -Xmx4944245555
application/gzip
Started analysis of None-QS11-1-8_S96_R1_001.fastq.gz
Approx 5% complete for None-QS11-1-8_S96_R1_001.fastq.gz
Approx 10% complete for None-QS11-1-8_S96_R1_001.fastq.gz
Approx 15% complete for None-QS11-1-8_S96_R1_001.fastq.gz
Approx 20% complete for None-QS11-1-8_S96_R1_001.fastq.gz
Approx 25% complete for None-QS11-1-8_S96_R1_001.fastq.gz
Approx 30% complete for None-QS11-1-8_S96_R1_001.fastq.gz
Approx 35% complete for None-QS11-1-8_S96_R1_001.fastq.gz
Approx 40% complete for None-QS11-1-8_S96_R1_001.fastq.gz
Approx 45% complete for None-QS11-1-8_S96_R1_001.fastq.gz
Approx 50% complete for None-QS11-1-8_S96_R1_001.fastq.gz
Approx 55% complete for None-QS11-1-8_S96_R1_001.fastq.gz
Approx 60% complete for None-QS11-1-8_S96_R1_001.fastq.gz
Approx 65% complete for None-QS11-1-8_S96_R1_001.fastq.gz
Approx 70% complete for None-QS11-1-8_S96_R1_001.fastq.gz
Approx 75% complete for None-QS11-1-8_S96_R1_001.fastq.gz
Approx 80% complete for None-QS11-1-8_S96_R1_001.fastq.gz
Approx 85% complete for None-QS11-1-8_S96_R1_001.fastq.gz
Approx 90% complete for None-QS11-1-8_S96_R1_001.fastq.gz
Approx 95% complete for None-QS11-1-8_S96_R1_001.fastq.gz
Analysis complete for None-QS11-1-8_S96_R1_001.fastq.gz
Picked up JAVA_TOOL_OPTIONS: -Xmx4944245555
application/gzip
Started analysis of None-QS11-1-8_S96_R2_001.fastq.gz
Approx 5% complete for None-QS11-1-8_S96_R2_001.fastq.gz
Approx 10% complete for None-QS11-1-8_S96_R2_001.fastq.gz
Approx 15% complete for None-QS11-1-8_S96_R2_001.fastq.gz
Approx 20% complete for None-QS11-1-8_S96_R2_001.fastq.gz
Approx 25% complete for None-QS11-1-8_S96_R2_001.fastq.gz
Approx 30% complete for None-QS11-1-8_S96_R2_001.fastq.gz
Approx 35% complete for None-QS11-1-8_S96_R2_001.fastq.gz
Approx 40% complete for None-QS11-1-8_S96_R2_001.fastq.gz
Approx 45% complete for None-QS11-1-8_S96_R2_001.fastq.gz
Approx 50% complete for None-QS11-1-8_S96_R2_001.fastq.gz
Approx 55% complete for None-QS11-1-8_S96_R2_001.fastq.gz
Approx 60% complete for None-QS11-1-8_S96_R2_001.fastq.gz
Approx 65% complete for None-QS11-1-8_S96_R2_001.fastq.gz
Approx 70% complete for None-QS11-1-8_S96_R2_001.fastq.gz
Approx 75% complete for None-QS11-1-8_S96_R2_001.fastq.gz
Approx 80% complete for None-QS11-1-8_S96_R2_001.fastq.gz
Approx 85% complete for None-QS11-1-8_S96_R2_001.fastq.gz
Approx 90% complete for None-QS11-1-8_S96_R2_001.fastq.gz
Approx 95% complete for None-QS11-1-8_S96_R2_001.fastq.gz
Analysis complete for None-QS11-1-8_S96_R2_001.fastq.gz
Picked up JAVA_TOOL_OPTIONS: -Xmx4944245555
application/gzip
Started analysis of None-QS11-1-9_S97_R1_001.fastq.gz
Approx 5% complete for None-QS11-1-9_S97_R1_001.fastq.gz
Approx 10% complete for None-QS11-1-9_S97_R1_001.fastq.gz
Approx 15% complete for None-QS11-1-9_S97_R1_001.fastq.gz
Approx 20% complete for None-QS11-1-9_S97_R1_001.fastq.gz
Approx 25% complete for None-QS11-1-9_S97_R1_001.fastq.gz
Approx 30% complete for None-QS11-1-9_S97_R1_001.fastq.gz
Approx 35% complete for None-QS11-1-9_S97_R1_001.fastq.gz
Approx 40% complete for None-QS11-1-9_S97_R1_001.fastq.gz
Approx 45% complete for None-QS11-1-9_S97_R1_001.fastq.gz
Approx 50% complete for None-QS11-1-9_S97_R1_001.fastq.gz
Approx 55% complete for None-QS11-1-9_S97_R1_001.fastq.gz
Approx 60% complete for None-QS11-1-9_S97_R1_001.fastq.gz
Approx 65% complete for None-QS11-1-9_S97_R1_001.fastq.gz
Approx 70% complete for None-QS11-1-9_S97_R1_001.fastq.gz
Approx 75% complete for None-QS11-1-9_S97_R1_001.fastq.gz
Approx 80% complete for None-QS11-1-9_S97_R1_001.fastq.gz
Approx 85% complete for None-QS11-1-9_S97_R1_001.fastq.gz
Approx 90% complete for None-QS11-1-9_S97_R1_001.fastq.gz
Approx 95% complete for None-QS11-1-9_S97_R1_001.fastq.gz
Analysis complete for None-QS11-1-9_S97_R1_001.fastq.gz
Picked up JAVA_TOOL_OPTIONS: -Xmx4944245555
application/gzip
Started analysis of None-QS11-1-9_S97_R2_001.fastq.gz
Approx 5% complete for None-QS11-1-9_S97_R2_001.fastq.gz
Approx 10% complete for None-QS11-1-9_S97_R2_001.fastq.gz
Approx 15% complete for None-QS11-1-9_S97_R2_001.fastq.gz
Approx 20% complete for None-QS11-1-9_S97_R2_001.fastq.gz
Approx 25% complete for None-QS11-1-9_S97_R2_001.fastq.gz
Approx 30% complete for None-QS11-1-9_S97_R2_001.fastq.gz
Approx 35% complete for None-QS11-1-9_S97_R2_001.fastq.gz
Approx 40% complete for None-QS11-1-9_S97_R2_001.fastq.gz
Approx 45% complete for None-QS11-1-9_S97_R2_001.fastq.gz
Approx 50% complete for None-QS11-1-9_S97_R2_001.fastq.gz
Approx 55% complete for None-QS11-1-9_S97_R2_001.fastq.gz
Approx 60% complete for None-QS11-1-9_S97_R2_001.fastq.gz
Approx 65% complete for None-QS11-1-9_S97_R2_001.fastq.gz
Approx 70% complete for None-QS11-1-9_S97_R2_001.fastq.gz
Approx 75% complete for None-QS11-1-9_S97_R2_001.fastq.gz
Approx 80% complete for None-QS11-1-9_S97_R2_001.fastq.gz
Approx 85% complete for None-QS11-1-9_S97_R2_001.fastq.gz
Approx 90% complete for None-QS11-1-9_S97_R2_001.fastq.gz
Approx 95% complete for None-QS11-1-9_S97_R2_001.fastq.gz
Analysis complete for None-QS11-1-9_S97_R2_001.fastq.gz
